<?xml version="1.0" encoding="UTF-8"?>
<testsuite name="NumeralSystemConverterTest" tests="1" skipped="0" failures="0" errors="0" timestamp="2022-12-27T20:47:33" hostname="DESKTOP-MUCVRS8" time="0.088">
  <properties/>
  <testcase name="start" classname="NumeralSystemConverterTest" time="0.088"/>
  <system-out><![CDATA[?[1;31m
Start test 1?[0m
Enter number in decimal system: > 234
Enter target base: > 16
?[1;31m
Start test 2?[0m
Enter number in decimal system: > 822
Enter target base: > 16
?[1;31m
Start test 3?[0m
Enter number in decimal system: > 682
Enter target base: > 16
?[1;31m
Start test 4?[0m
Enter number in decimal system: > 266
Enter target base: > 2
?[1;31m
Start test 5?[0m
Enter number in decimal system: > 779
Enter target base: > 8
]]></system-out>
  <system-err><![CDATA[]]></system-err>
</testsuite>
