<?xml version="1.0" encoding="UTF-8"?>
<testsuite name="MyFirstProjectTest" tests="1" skipped="0" failures="0" errors="0" timestamp="2025-03-01T18:40:27" hostname="DESKTOP-MUCVRS8" time="0.045">
  <properties/>
  <testcase name="start" classname="MyFirstProjectTest" time="0.045"/>
  <system-out><![CDATA[?[1;31m
Start test 1?[0m
Earned amount:
Bubblegum: $202
Toffee: $118
Ice cream: $2250
Milk chocolate: $1680
Doughnut: $1075
Pancake: $80

Income: $5405Staff expenses:
> 4170
Other expenses:
> 220
]]></system-out>
  <system-err><![CDATA[]]></system-err>
</testsuite>
