<?xml version="1.0" encoding="UTF-8"?>
<testsuite name="TicTacToeTest" tests="1" skipped="0" failures="0" errors="0" timestamp="2022-09-07T09:36:21" hostname="DESKTOP-MUCVRS8" time="0.189">
  <properties/>
  <testcase name="start" classname="TicTacToeTest" time="0.189"/>
  <system-out><![CDATA[?[1;31m
Start test 1?[0m
> _XXOO_OX_
---------
|   X X |
| O O   |
| O X   |
---------
> 1 1
---------
| X X X |
| O O   |
| O X   |
---------
?[1;31m
Start test 2?[0m
> _XXOO_OX_
---------
|   X X |
| O O   |
| O X   |
---------
> 4 1
Coordinates should be from 1 to 3!
> 1 2
This cell is occupied! Choose another one!
> 1 3
This cell is occupied! Choose another one!
> 2 1
This cell is occupied! Choose another one!
> 2 2
This cell is occupied! Choose another one!
> 2 3
---------
|   X X |
| O O X |
| O X   |
---------
?[1;31m
Start test 3?[0m
> _XXOO_OX_
---------
|   X X |
| O O   |
| O X   |
---------
> 1 3
This cell is occupied! Choose another one!
> 2 1
This cell is occupied! Choose another one!
> 2 2
This cell is occupied! Choose another one!
> 2 3
---------
|   X X |
| O O X |
| O X   |
---------
?[1;31m
Start test 4?[0m
> _XXOO_OX_
---------
|   X X |
| O O   |
| O X   |
---------
> 4 3
Coordinates should be from 1 to 3!
> 2 1
This cell is occupied! Choose another one!
> 2 2
This cell is occupied! Choose another one!
> 2 3
---------
|   X X |
| O O X |
| O X   |
---------
?[1;31m
Start test 5?[0m
> _XXOO_OX_
---------
|   X X |
| O O   |
| O X   |
---------
> 2 2
This cell is occupied! Choose another one!
> 2 3
---------
|   X X |
| O O X |
| O X   |
---------
?[1;31m
Start test 6?[0m
> _XXOO_OX_
---------
|   X X |
| O O   |
| O X   |
---------
> 4 5
Coordinates should be from 1 to 3!
> 2 3
---------
|   X X |
| O O X |
| O X   |
---------
?[1;31m
Start test 7?[0m
> _XXOO_OX_
---------
|   X X |
| O O   |
| O X   |
---------
> 3 1
This cell is occupied! Choose another one!
> 3 2
This cell is occupied! Choose another one!
> 3 3
---------
|   X X |
| O O   |
| O X X |
---------
?[1;31m
Start test 8?[0m
> _XXOO_OX_
---------
|   X X |
| O O   |
| O X   |
---------
> 4 7
Coordinates should be from 1 to 3!
> 3 2
This cell is occupied! Choose another one!
> 3 3
---------
|   X X |
| O O   |
| O X X |
---------
?[1;31m
Start test 9?[0m
> _XXOO_OX_
---------
|   X X |
| O O   |
| O X   |
---------
> 3 3
---------
|   X X |
| O O   |
| O X X |
---------
?[1;31m
Start test 10?[0m
> _________
---------
|       |
|       |
|       |
---------
> 4 9
Coordinates should be from 1 to 3!
> 1 1
---------
| X     |
|       |
|       |
---------
?[1;31m
Start test 11?[0m
> _________
---------
|       |
|       |
|       |
---------
> 1 2
---------
|   X   |
|       |
|       |
---------
?[1;31m
Start test 12?[0m
> _________
---------
|       |
|       |
|       |
---------
> 4 11
Coordinates should be from 1 to 3!
> 1 3
---------
|     X |
|       |
|       |
---------
?[1;31m
Start test 13?[0m
> _________
---------
|       |
|       |
|       |
---------
> 2 1
---------
|       |
| X     |
|       |
---------
?[1;31m
Start test 14?[0m
> _________
---------
|       |
|       |
|       |
---------
> 4 13
Coordinates should be from 1 to 3!
> 2 2
---------
|       |
|   X   |
|       |
---------
?[1;31m
Start test 15?[0m
> _________
---------
|       |
|       |
|       |
---------
> 2 3
---------
|       |
|     X |
|       |
---------
?[1;31m
Start test 16?[0m
> _________
---------
|       |
|       |
|       |
---------
> 4 15
Coordinates should be from 1 to 3!
> 3 1
---------
|       |
|       |
| X     |
---------
?[1;31m
Start test 17?[0m
> _________
---------
|       |
|       |
|       |
---------
> 3 2
---------
|       |
|       |
|   X   |
---------
?[1;31m
Start test 18?[0m
> _________
---------
|       |
|       |
|       |
---------
> 4 17
Coordinates should be from 1 to 3!
> 3 3
---------
|       |
|       |
|     X |
---------
?[1;31m
Start test 19?[0m
> X_X_O____
---------
| X   X |
|   O   |
|       |
---------
> 1 1
This cell is occupied! Choose another one!
> 1 2
---------
| X X X |
|   O   |
|       |
---------
?[1;31m
Start test 20?[0m
> X_X_O____
---------
| X   X |
|   O   |
|       |
---------
> 4 19
Coordinates should be from 1 to 3!
> 1 2
---------
| X X X |
|   O   |
|       |
---------
?[1;31m
Start test 21?[0m
> X_X_O____
---------
| X   X |
|   O   |
|       |
---------
> 1 3
This cell is occupied! Choose another one!
> 2 1
---------
| X   X |
| X O   |
|       |
---------
?[1;31m
Start test 22?[0m
> X_X_O____
---------
| X   X |
|   O   |
|       |
---------
> 4 21
Coordinates should be from 1 to 3!
> 2 1
---------
| X   X |
| X O   |
|       |
---------
?[1;31m
Start test 23?[0m
> X_X_O____
---------
| X   X |
|   O   |
|       |
---------
> 2 2
This cell is occupied! Choose another one!
> 2 3
---------
| X   X |
|   O X |
|       |
---------
?[1;31m
Start test 24?[0m
> X_X_O____
---------
| X   X |
|   O   |
|       |
---------
> 4 23
Coordinates should be from 1 to 3!
> 2 3
---------
| X   X |
|   O X |
|       |
---------
?[1;31m
Start test 25?[0m
> X_X_O____
---------
| X   X |
|   O   |
|       |
---------
> 3 1
---------
| X   X |
|   O   |
| X     |
---------
?[1;31m
Start test 26?[0m
> X_X_O____
---------
| X   X |
|   O   |
|       |
---------
> 4 25
Coordinates should be from 1 to 3!
> 3 2
---------
| X   X |
|   O   |
|   X   |
---------
?[1;31m
Start test 27?[0m
> X_X_O____
---------
| X   X |
|   O   |
|       |
---------
> 3 3
---------
| X   X |
|   O   |
|     X |
---------
]]></system-out>
  <system-err><![CDATA[]]></system-err>
</testsuite>
