<?xml version="1.0" encoding="UTF-8"?>
<testsuite name="TicTacToeTest" tests="1" skipped="0" failures="0" errors="0" timestamp="2022-08-30T19:28:14" hostname="DESKTOP-MUCVRS8" time="0.047">
  <properties/>
  <testcase name="start" classname="TicTacToeTest" time="0.047"/>
  <system-out><![CDATA[?[1;31m
Start test 1?[0m
X X O 
O O O 
O O O 
]]></system-out>
  <system-err><![CDATA[]]></system-err>
</testsuite>
