<?xml version="1.0" encoding="UTF-8"?>
<testsuite name="CarSharingTest" tests="1" skipped="0" failures="0" errors="0" timestamp="2023-01-19T19:36:36" hostname="DESKTOP-MUCVRS8" time="0.199">
  <properties/>
  <testcase name="start" classname="CarSharingTest" time="0.199"/>
  <system-out><![CDATA[?[1;31m
Start test 1?[0m
?[1;31m
Start test 2?[0m
?[1;31m
Start test 3?[0m
?[1;31m
Start test 4?[0m
?[1;31m
Start test 5?[0m
]]></system-out>
  <system-err><![CDATA[]]></system-err>
</testsuite>
