<?xml version="1.0" encoding="UTF-8"?>
<testsuite name="Tests" tests="1" skipped="0" failures="1" errors="0" timestamp="2022-10-27T18:52:40" hostname="DESKTOP-MUCVRS8" time="0.215">
  <properties/>
  <testcase name="start" classname="Tests" time="0.215">
    <failure message="java.lang.AssertionError: Wrong answer in test #1&#10;&#10;Can't parse the game field&#10;Make sure you print it like in examples!&#10;&#10;Please find below the output of your program during this failed test.&#10;Note that the '&gt;' character indicates the beginning of the input line.&#10;&#10;---&#10;&#10;[last 250 lines of output are shown, 277 skipped]&#10;C X ~ ~ ~ ~ ~ ~ ~ X ~&#10;D X ~ ~ ~ ~ ~ ~ ~ X ~&#10;E ~ ~ ~ M ~ ~ ~ ~ M ~&#10;F ~ ~ O O O O O ~ ~ ~&#10;G ~ ~ ~ ~ ~ ~ ~ ~ ~ ~&#10;H ~ ~ ~ ~ ~ ~ ~ ~ ~ ~&#10;I ~ O ~ ~ ~ ~ ~ ~ ~ ~&#10;J ~ O ~ ~ ~ ~ ~ O O O&#10;&#10;&gt; F3&#10;&#10;You hit a ship! Try again:&#10;&#10;&#10;  1 2 3 4 5 6 7 8 9 10&#10;A X M ~ ~ ~ ~ ~ ~ ~ ~&#10;B X ~ ~ ~ ~ ~ ~ ~ X ~&#10;C X ~ ~ ~ ~ ~ ~ ~ X ~&#10;D X ~ ~ ~ ~ ~ ~ ~ X ~&#10;E ~ ~ ~ M ~ ~ ~ ~ M ~&#10;F ~ ~ X O O O O ~ ~ ~&#10;G ~ ~ ~ ~ ~ ~ ~ ~ ~ ~&#10;H ~ ~ ~ ~ ~ ~ ~ ~ ~ ~&#10;I ~ O ~ ~ ~ ~ ~ ~ ~ ~&#10;J ~ O ~ ~ ~ ~ ~ O O O&#10;&#10;&gt; F4&#10;&#10;You hit a ship! Try again:&#10;&#10;&#10;  1 2 3 4 5 6 7 8 9 10&#10;A X M ~ ~ ~ ~ ~ ~ ~ ~&#10;B X ~ ~ ~ ~ ~ ~ ~ X ~&#10;C X ~ ~ ~ ~ ~ ~ ~ X ~&#10;D X ~ ~ ~ ~ ~ ~ ~ X ~&#10;E ~ ~ ~ M ~ ~ ~ ~ M ~&#10;F ~ ~ X X O O O ~ ~ ~&#10;G ~ ~ ~ ~ ~ ~ ~ ~ ~ ~&#10;H ~ ~ ~ ~ ~ ~ ~ ~ ~ ~&#10;I ~ O ~ ~ ~ ~ ~ ~ ~ ~&#10;J ~ O ~ ~ ~ ~ ~ O O O&#10;&#10;&gt; F5&#10;&#10;You hit a ship! Try again:&#10;&#10;&#10;  1 2 3 4 5 6 7 8 9 10&#10;A X M ~ ~ ~ ~ ~ ~ ~ ~&#10;B X ~ ~ ~ ~ ~ ~ ~ X ~&#10;C X ~ ~ ~ ~ ~ ~ ~ X ~&#10;D X ~ ~ ~ ~ ~ ~ ~ X ~&#10;E ~ ~ ~ M ~ ~ ~ ~ M ~&#10;F ~ ~ X X X O O ~ ~ ~&#10;G ~ ~ ~ ~ ~ ~ ~ ~ ~ ~&#10;H ~ ~ ~ ~ ~ ~ ~ ~ ~ ~&#10;I ~ O ~ ~ ~ ~ ~ ~ ~ ~&#10;J ~ O ~ ~ ~ ~ ~ O O O&#10;&#10;&gt; F6&#10;&#10;You hit a ship! Try again:&#10;&#10;&#10;  1 2 3 4 5 6 7 8 9 10&#10;A X M ~ ~ ~ ~ ~ ~ ~ ~&#10;B X ~ ~ ~ ~ ~ ~ ~ X ~&#10;C X ~ ~ ~ ~ ~ ~ ~ X ~&#10;D X ~ ~ ~ ~ ~ ~ ~ X ~&#10;E ~ ~ ~ M ~ ~ ~ ~ M ~&#10;F ~ ~ X X X X O ~ ~ ~&#10;G ~ ~ ~ ~ ~ ~ ~ ~ ~ ~&#10;H ~ ~ ~ ~ ~ ~ ~ ~ ~ ~&#10;I ~ O ~ ~ ~ ~ ~ ~ ~ ~&#10;J ~ O ~ ~ ~ ~ ~ O O O&#10;&#10;&gt; F7&#10;&#10;You sank a ship! Specify a new target:&#10;&#10;&#10;  1 2 3 4 5 6 7 8 9 10&#10;A X M ~ ~ ~ ~ ~ ~ ~ ~&#10;B X ~ ~ ~ ~ ~ ~ ~ X ~&#10;C X ~ ~ ~ ~ ~ ~ ~ X ~&#10;D X ~ ~ ~ ~ ~ ~ ~ X ~&#10;E ~ ~ ~ M ~ ~ ~ ~ M ~&#10;F ~ ~ X X X X X ~ ~ ~&#10;G ~ ~ ~ ~ ~ ~ ~ ~ ~ ~&#10;H ~ ~ ~ ~ ~ ~ ~ ~ ~ ~&#10;I ~ O ~ ~ ~ ~ ~ ~ ~ ~&#10;J ~ O ~ ~ ~ ~ ~ O O O&#10;&#10;&gt; F10&#10;&#10;You missed. Try again:&#10;&#10;&#10;  1 2 3 4 5 6 7 8 9 10&#10;A X M ~ ~ ~ ~ ~ ~ ~ ~&#10;B X ~ ~ ~ ~ ~ ~ ~ X ~&#10;C X ~ ~ ~ ~ ~ ~ ~ X ~&#10;D X ~ ~ ~ ~ ~ ~ ~ X ~&#10;E ~ ~ ~ M ~ ~ ~ ~ M ~&#10;F ~ ~ X X X X X ~ ~ M&#10;G ~ ~ ~ ~ ~ ~ ~ ~ ~ ~&#10;H ~ ~ ~ ~ ~ ~ ~ ~ ~ ~&#10;I ~ O ~ ~ ~ ~ ~ ~ ~ ~&#10;J ~ O ~ ~ ~ ~ ~ O O O&#10;&#10;&gt; G8&#10;&#10;You missed. Try again:&#10;&#10;&#10;  1 2 3 4 5 6 7 8 9 10&#10;A X M ~ ~ ~ ~ ~ ~ ~ ~&#10;B X ~ ~ ~ ~ ~ ~ ~ X ~&#10;C X ~ ~ ~ ~ ~ ~ ~ X ~&#10;D X ~ ~ ~ ~ ~ ~ ~ X ~&#10;E ~ ~ ~ M ~ ~ ~ ~ M ~&#10;F ~ ~ X X X X X ~ ~ M&#10;G ~ ~ ~ ~ ~ ~ ~ M ~ ~&#10;H ~ ~ ~ ~ ~ ~ ~ ~ ~ ~&#10;I ~ O ~ ~ ~ ~ ~ ~ ~ ~&#10;J ~ O ~ ~ ~ ~ ~ O O O&#10;&#10;&gt; G5&#10;&#10;You missed. Try again:&#10;&#10;&#10;  1 2 3 4 5 6 7 8 9 10&#10;A X M ~ ~ ~ ~ ~ ~ ~ ~&#10;B X ~ ~ ~ ~ ~ ~ ~ X ~&#10;C X ~ ~ ~ ~ ~ ~ ~ X ~&#10;D X ~ ~ ~ ~ ~ ~ ~ X ~&#10;E ~ ~ ~ M ~ ~ ~ ~ M ~&#10;F ~ ~ X X X X X ~ ~ M&#10;G ~ ~ ~ ~ M ~ ~ M ~ ~&#10;H ~ ~ ~ ~ ~ ~ ~ ~ ~ ~&#10;I ~ O ~ ~ ~ ~ ~ ~ ~ ~&#10;J ~ O ~ ~ ~ ~ ~ O O O&#10;&#10;&gt; H2&#10;&#10;You missed. Try again:&#10;&#10;&#10;  1 2 3 4 5 6 7 8 9 10&#10;A X M ~ ~ ~ ~ ~ ~ ~ ~&#10;B X ~ ~ ~ ~ ~ ~ ~ X ~&#10;C X ~ ~ ~ ~ ~ ~ ~ X ~&#10;D X ~ ~ ~ ~ ~ ~ ~ X ~&#10;E ~ ~ ~ M ~ ~ ~ ~ M ~&#10;F ~ ~ X X X X X ~ ~ M&#10;G ~ ~ ~ ~ M ~ ~ M ~ ~&#10;H ~ M ~ ~ ~ ~ ~ ~ ~ ~&#10;I ~ O ~ ~ ~ ~ ~ ~ ~ ~&#10;J ~ O ~ ~ ~ ~ ~ O O O&#10;&#10;&gt; I2&#10;&#10;You hit a ship! Try again:&#10;&#10;&#10;  1 2 3 4 5 6 7 8 9 10&#10;A X M ~ ~ ~ ~ ~ ~ ~ ~&#10;B X ~ ~ ~ ~ ~ ~ ~ X ~&#10;C X ~ ~ ~ ~ ~ ~ ~ X ~&#10;D X ~ ~ ~ ~ ~ ~ ~ X ~&#10;E ~ ~ ~ M ~ ~ ~ ~ M ~&#10;F ~ ~ X X X X X ~ ~ M&#10;G ~ ~ ~ ~ M ~ ~ M ~ ~&#10;H ~ M ~ ~ ~ ~ ~ ~ ~ ~&#10;I ~ X ~ ~ ~ ~ ~ ~ ~ ~&#10;J ~ O ~ ~ ~ ~ ~ O O O&#10;&#10;&gt; J2&#10;&#10;You sank a ship! Specify a new target:&#10;&#10;&#10;  1 2 3 4 5 6 7 8 9 10&#10;A X M ~ ~ ~ ~ ~ ~ ~ ~&#10;B X ~ ~ ~ ~ ~ ~ ~ X ~&#10;C X ~ ~ ~ ~ ~ ~ ~ X ~&#10;D X ~ ~ ~ ~ ~ ~ ~ X ~&#10;E ~ ~ ~ M ~ ~ ~ ~ M ~&#10;F ~ ~ X X X X X ~ ~ M&#10;G ~ ~ ~ ~ M ~ ~ M ~ ~&#10;H ~ M ~ ~ ~ ~ ~ ~ ~ ~&#10;I ~ X ~ ~ ~ ~ ~ ~ ~ ~&#10;J ~ X ~ ~ ~ ~ ~ O O O&#10;&#10;&gt; J6&#10;&#10;You missed. Try again:&#10;&#10;&#10;  1 2 3 4 5 6 7 8 9 10&#10;A X M ~ ~ ~ ~ ~ ~ ~ ~&#10;B X ~ ~ ~ ~ ~ ~ ~ X ~&#10;C X ~ ~ ~ ~ ~ ~ ~ X ~&#10;D X ~ ~ ~ ~ ~ ~ ~ X ~&#10;E ~ ~ ~ M ~ ~ ~ ~ M ~&#10;F ~ ~ X X X X X ~ ~ M&#10;G ~ ~ ~ ~ M ~ ~ M ~ ~&#10;H ~ M ~ ~ ~ ~ ~ ~ ~ ~&#10;I ~ X ~ ~ ~ ~ ~ ~ ~ ~&#10;J ~ X ~ ~ ~ M ~ O O O&#10;&#10;&gt; J8&#10;&#10;You hit a ship! Try again:&#10;&#10;&#10;  1 2 3 4 5 6 7 8 9 10&#10;A X M ~ ~ ~ ~ ~ ~ ~ ~&#10;B X ~ ~ ~ ~ ~ ~ ~ X ~&#10;C X ~ ~ ~ ~ ~ ~ ~ X ~&#10;D X ~ ~ ~ ~ ~ ~ ~ X ~&#10;E ~ ~ ~ M ~ ~ ~ ~ M ~&#10;F ~ ~ X X X X X ~ ~ M&#10;G ~ ~ ~ ~ M ~ ~ M ~ ~&#10;H ~ M ~ ~ ~ ~ ~ ~ ~ ~&#10;I ~ X ~ ~ ~ ~ ~ ~ ~ ~&#10;J ~ X ~ ~ ~ M ~ X O O&#10;&#10;&gt; J9&#10;&#10;You hit a ship! Try again:&#10;&#10;&#10;  1 2 3 4 5 6 7 8 9 10&#10;A X M ~ ~ ~ ~ ~ ~ ~ ~&#10;B X ~ ~ ~ ~ ~ ~ ~ X ~&#10;C X ~ ~ ~ ~ ~ ~ ~ X ~&#10;D X ~ ~ ~ ~ ~ ~ ~ X ~&#10;E ~ ~ ~ M ~ ~ ~ ~ M ~&#10;F ~ ~ X X X X X ~ ~ M&#10;G ~ ~ ~ ~ M ~ ~ M ~ ~&#10;H ~ M ~ ~ ~ ~ ~ ~ ~ ~&#10;I ~ X ~ ~ ~ ~ ~ ~ ~ ~&#10;J ~ X ~ ~ ~ M ~ X X O&#10;&#10;&gt; J10&#10;&#10;You sank the last ship. You won. Congratulations!" type="java.lang.AssertionError">java.lang.AssertionError: Wrong answer in test #1

Can't parse the game field
Make sure you print it like in examples!

Please find below the output of your program during this failed test.
Note that the '&gt;' character indicates the beginning of the input line.

---

[last 250 lines of output are shown, 277 skipped]
C X ~ ~ ~ ~ ~ ~ ~ X ~
D X ~ ~ ~ ~ ~ ~ ~ X ~
E ~ ~ ~ M ~ ~ ~ ~ M ~
F ~ ~ O O O O O ~ ~ ~
G ~ ~ ~ ~ ~ ~ ~ ~ ~ ~
H ~ ~ ~ ~ ~ ~ ~ ~ ~ ~
I ~ O ~ ~ ~ ~ ~ ~ ~ ~
J ~ O ~ ~ ~ ~ ~ O O O

&gt; F3

You hit a ship! Try again:


  1 2 3 4 5 6 7 8 9 10
A X M ~ ~ ~ ~ ~ ~ ~ ~
B X ~ ~ ~ ~ ~ ~ ~ X ~
C X ~ ~ ~ ~ ~ ~ ~ X ~
D X ~ ~ ~ ~ ~ ~ ~ X ~
E ~ ~ ~ M ~ ~ ~ ~ M ~
F ~ ~ X O O O O ~ ~ ~
G ~ ~ ~ ~ ~ ~ ~ ~ ~ ~
H ~ ~ ~ ~ ~ ~ ~ ~ ~ ~
I ~ O ~ ~ ~ ~ ~ ~ ~ ~
J ~ O ~ ~ ~ ~ ~ O O O

&gt; F4

You hit a ship! Try again:


  1 2 3 4 5 6 7 8 9 10
A X M ~ ~ ~ ~ ~ ~ ~ ~
B X ~ ~ ~ ~ ~ ~ ~ X ~
C X ~ ~ ~ ~ ~ ~ ~ X ~
D X ~ ~ ~ ~ ~ ~ ~ X ~
E ~ ~ ~ M ~ ~ ~ ~ M ~
F ~ ~ X X O O O ~ ~ ~
G ~ ~ ~ ~ ~ ~ ~ ~ ~ ~
H ~ ~ ~ ~ ~ ~ ~ ~ ~ ~
I ~ O ~ ~ ~ ~ ~ ~ ~ ~
J ~ O ~ ~ ~ ~ ~ O O O

&gt; F5

You hit a ship! Try again:


  1 2 3 4 5 6 7 8 9 10
A X M ~ ~ ~ ~ ~ ~ ~ ~
B X ~ ~ ~ ~ ~ ~ ~ X ~
C X ~ ~ ~ ~ ~ ~ ~ X ~
D X ~ ~ ~ ~ ~ ~ ~ X ~
E ~ ~ ~ M ~ ~ ~ ~ M ~
F ~ ~ X X X O O ~ ~ ~
G ~ ~ ~ ~ ~ ~ ~ ~ ~ ~
H ~ ~ ~ ~ ~ ~ ~ ~ ~ ~
I ~ O ~ ~ ~ ~ ~ ~ ~ ~
J ~ O ~ ~ ~ ~ ~ O O O

&gt; F6

You hit a ship! Try again:


  1 2 3 4 5 6 7 8 9 10
A X M ~ ~ ~ ~ ~ ~ ~ ~
B X ~ ~ ~ ~ ~ ~ ~ X ~
C X ~ ~ ~ ~ ~ ~ ~ X ~
D X ~ ~ ~ ~ ~ ~ ~ X ~
E ~ ~ ~ M ~ ~ ~ ~ M ~
F ~ ~ X X X X O ~ ~ ~
G ~ ~ ~ ~ ~ ~ ~ ~ ~ ~
H ~ ~ ~ ~ ~ ~ ~ ~ ~ ~
I ~ O ~ ~ ~ ~ ~ ~ ~ ~
J ~ O ~ ~ ~ ~ ~ O O O

&gt; F7

You sank a ship! Specify a new target:


  1 2 3 4 5 6 7 8 9 10
A X M ~ ~ ~ ~ ~ ~ ~ ~
B X ~ ~ ~ ~ ~ ~ ~ X ~
C X ~ ~ ~ ~ ~ ~ ~ X ~
D X ~ ~ ~ ~ ~ ~ ~ X ~
E ~ ~ ~ M ~ ~ ~ ~ M ~
F ~ ~ X X X X X ~ ~ ~
G ~ ~ ~ ~ ~ ~ ~ ~ ~ ~
H ~ ~ ~ ~ ~ ~ ~ ~ ~ ~
I ~ O ~ ~ ~ ~ ~ ~ ~ ~
J ~ O ~ ~ ~ ~ ~ O O O

&gt; F10

You missed. Try again:


  1 2 3 4 5 6 7 8 9 10
A X M ~ ~ ~ ~ ~ ~ ~ ~
B X ~ ~ ~ ~ ~ ~ ~ X ~
C X ~ ~ ~ ~ ~ ~ ~ X ~
D X ~ ~ ~ ~ ~ ~ ~ X ~
E ~ ~ ~ M ~ ~ ~ ~ M ~
F ~ ~ X X X X X ~ ~ M
G ~ ~ ~ ~ ~ ~ ~ ~ ~ ~
H ~ ~ ~ ~ ~ ~ ~ ~ ~ ~
I ~ O ~ ~ ~ ~ ~ ~ ~ ~
J ~ O ~ ~ ~ ~ ~ O O O

&gt; G8

You missed. Try again:


  1 2 3 4 5 6 7 8 9 10
A X M ~ ~ ~ ~ ~ ~ ~ ~
B X ~ ~ ~ ~ ~ ~ ~ X ~
C X ~ ~ ~ ~ ~ ~ ~ X ~
D X ~ ~ ~ ~ ~ ~ ~ X ~
E ~ ~ ~ M ~ ~ ~ ~ M ~
F ~ ~ X X X X X ~ ~ M
G ~ ~ ~ ~ ~ ~ ~ M ~ ~
H ~ ~ ~ ~ ~ ~ ~ ~ ~ ~
I ~ O ~ ~ ~ ~ ~ ~ ~ ~
J ~ O ~ ~ ~ ~ ~ O O O

&gt; G5

You missed. Try again:


  1 2 3 4 5 6 7 8 9 10
A X M ~ ~ ~ ~ ~ ~ ~ ~
B X ~ ~ ~ ~ ~ ~ ~ X ~
C X ~ ~ ~ ~ ~ ~ ~ X ~
D X ~ ~ ~ ~ ~ ~ ~ X ~
E ~ ~ ~ M ~ ~ ~ ~ M ~
F ~ ~ X X X X X ~ ~ M
G ~ ~ ~ ~ M ~ ~ M ~ ~
H ~ ~ ~ ~ ~ ~ ~ ~ ~ ~
I ~ O ~ ~ ~ ~ ~ ~ ~ ~
J ~ O ~ ~ ~ ~ ~ O O O

&gt; H2

You missed. Try again:


  1 2 3 4 5 6 7 8 9 10
A X M ~ ~ ~ ~ ~ ~ ~ ~
B X ~ ~ ~ ~ ~ ~ ~ X ~
C X ~ ~ ~ ~ ~ ~ ~ X ~
D X ~ ~ ~ ~ ~ ~ ~ X ~
E ~ ~ ~ M ~ ~ ~ ~ M ~
F ~ ~ X X X X X ~ ~ M
G ~ ~ ~ ~ M ~ ~ M ~ ~
H ~ M ~ ~ ~ ~ ~ ~ ~ ~
I ~ O ~ ~ ~ ~ ~ ~ ~ ~
J ~ O ~ ~ ~ ~ ~ O O O

&gt; I2

You hit a ship! Try again:


  1 2 3 4 5 6 7 8 9 10
A X M ~ ~ ~ ~ ~ ~ ~ ~
B X ~ ~ ~ ~ ~ ~ ~ X ~
C X ~ ~ ~ ~ ~ ~ ~ X ~
D X ~ ~ ~ ~ ~ ~ ~ X ~
E ~ ~ ~ M ~ ~ ~ ~ M ~
F ~ ~ X X X X X ~ ~ M
G ~ ~ ~ ~ M ~ ~ M ~ ~
H ~ M ~ ~ ~ ~ ~ ~ ~ ~
I ~ X ~ ~ ~ ~ ~ ~ ~ ~
J ~ O ~ ~ ~ ~ ~ O O O

&gt; J2

You sank a ship! Specify a new target:


  1 2 3 4 5 6 7 8 9 10
A X M ~ ~ ~ ~ ~ ~ ~ ~
B X ~ ~ ~ ~ ~ ~ ~ X ~
C X ~ ~ ~ ~ ~ ~ ~ X ~
D X ~ ~ ~ ~ ~ ~ ~ X ~
E ~ ~ ~ M ~ ~ ~ ~ M ~
F ~ ~ X X X X X ~ ~ M
G ~ ~ ~ ~ M ~ ~ M ~ ~
H ~ M ~ ~ ~ ~ ~ ~ ~ ~
I ~ X ~ ~ ~ ~ ~ ~ ~ ~
J ~ X ~ ~ ~ ~ ~ O O O

&gt; J6

You missed. Try again:


  1 2 3 4 5 6 7 8 9 10
A X M ~ ~ ~ ~ ~ ~ ~ ~
B X ~ ~ ~ ~ ~ ~ ~ X ~
C X ~ ~ ~ ~ ~ ~ ~ X ~
D X ~ ~ ~ ~ ~ ~ ~ X ~
E ~ ~ ~ M ~ ~ ~ ~ M ~
F ~ ~ X X X X X ~ ~ M
G ~ ~ ~ ~ M ~ ~ M ~ ~
H ~ M ~ ~ ~ ~ ~ ~ ~ ~
I ~ X ~ ~ ~ ~ ~ ~ ~ ~
J ~ X ~ ~ ~ M ~ O O O

&gt; J8

You hit a ship! Try again:


  1 2 3 4 5 6 7 8 9 10
A X M ~ ~ ~ ~ ~ ~ ~ ~
B X ~ ~ ~ ~ ~ ~ ~ X ~
C X ~ ~ ~ ~ ~ ~ ~ X ~
D X ~ ~ ~ ~ ~ ~ ~ X ~
E ~ ~ ~ M ~ ~ ~ ~ M ~
F ~ ~ X X X X X ~ ~ M
G ~ ~ ~ ~ M ~ ~ M ~ ~
H ~ M ~ ~ ~ ~ ~ ~ ~ ~
I ~ X ~ ~ ~ ~ ~ ~ ~ ~
J ~ X ~ ~ ~ M ~ X O O

&gt; J9

You hit a ship! Try again:


  1 2 3 4 5 6 7 8 9 10
A X M ~ ~ ~ ~ ~ ~ ~ ~
B X ~ ~ ~ ~ ~ ~ ~ X ~
C X ~ ~ ~ ~ ~ ~ ~ X ~
D X ~ ~ ~ ~ ~ ~ ~ X ~
E ~ ~ ~ M ~ ~ ~ ~ M ~
F ~ ~ X X X X X ~ ~ M
G ~ ~ ~ ~ M ~ ~ M ~ ~
H ~ M ~ ~ ~ ~ ~ ~ ~ ~
I ~ X ~ ~ ~ ~ ~ ~ ~ ~
J ~ X ~ ~ ~ M ~ X X O

&gt; J10

You sank the last ship. You won. Congratulations!
	at org.junit.Assert.fail(Assert.java:89)
	at org.hyperskill.hstest.stage.StageTest.start(StageTest.java:203)
	at java.base/jdk.internal.reflect.NativeMethodAccessorImpl.invoke0(Native Method)
	at java.base/jdk.internal.reflect.NativeMethodAccessorImpl.invoke(NativeMethodAccessorImpl.java:77)
	at java.base/jdk.internal.reflect.DelegatingMethodAccessorImpl.invoke(DelegatingMethodAccessorImpl.java:43)
	at java.base/java.lang.reflect.Method.invoke(Method.java:568)
	at org.junit.runners.model.FrameworkMethod$1.runReflectiveCall(FrameworkMethod.java:59)
	at org.junit.internal.runners.model.ReflectiveCallable.run(ReflectiveCallable.java:12)
	at org.junit.runners.model.FrameworkMethod.invokeExplosively(FrameworkMethod.java:56)
	at org.junit.internal.runners.statements.InvokeMethod.evaluate(InvokeMethod.java:17)
	at org.junit.runners.ParentRunner$3.evaluate(ParentRunner.java:306)
	at org.junit.runners.BlockJUnit4ClassRunner$1.evaluate(BlockJUnit4ClassRunner.java:100)
	at org.junit.runners.ParentRunner.runLeaf(ParentRunner.java:366)
	at org.junit.runners.BlockJUnit4ClassRunner.runChild(BlockJUnit4ClassRunner.java:103)
	at org.junit.runners.BlockJUnit4ClassRunner.runChild(BlockJUnit4ClassRunner.java:63)
	at org.junit.runners.ParentRunner$4.run(ParentRunner.java:331)
	at org.junit.runners.ParentRunner$1.schedule(ParentRunner.java:79)
	at org.junit.runners.ParentRunner.runChildren(ParentRunner.java:329)
	at org.junit.runners.ParentRunner.access$100(ParentRunner.java:66)
	at org.junit.runners.ParentRunner$2.evaluate(ParentRunner.java:293)
	at org.junit.runners.ParentRunner$3.evaluate(ParentRunner.java:306)
	at org.junit.runners.ParentRunner.run(ParentRunner.java:413)
	at org.gradle.api.internal.tasks.testing.junit.JUnitTestClassExecutor.runTestClass(JUnitTestClassExecutor.java:110)
	at org.gradle.api.internal.tasks.testing.junit.JUnitTestClassExecutor.execute(JUnitTestClassExecutor.java:58)
	at org.gradle.api.internal.tasks.testing.junit.JUnitTestClassExecutor.execute(JUnitTestClassExecutor.java:38)
	at org.gradle.api.internal.tasks.testing.junit.AbstractJUnitTestClassProcessor.processTestClass(AbstractJUnitTestClassProcessor.java:62)
	at org.gradle.api.internal.tasks.testing.SuiteTestClassProcessor.processTestClass(SuiteTestClassProcessor.java:51)
	at java.base/jdk.internal.reflect.NativeMethodAccessorImpl.invoke0(Native Method)
	at java.base/jdk.internal.reflect.NativeMethodAccessorImpl.invoke(NativeMethodAccessorImpl.java:77)
	at java.base/jdk.internal.reflect.DelegatingMethodAccessorImpl.invoke(DelegatingMethodAccessorImpl.java:43)
	at java.base/java.lang.reflect.Method.invoke(Method.java:568)
	at org.gradle.internal.dispatch.ReflectionDispatch.dispatch(ReflectionDispatch.java:36)
	at org.gradle.internal.dispatch.ReflectionDispatch.dispatch(ReflectionDispatch.java:24)
	at org.gradle.internal.dispatch.ContextClassLoaderDispatch.dispatch(ContextClassLoaderDispatch.java:33)
	at org.gradle.internal.dispatch.ProxyDispatchAdapter$DispatchingInvocationHandler.invoke(ProxyDispatchAdapter.java:94)
	at jdk.proxy1/jdk.proxy1.$Proxy2.processTestClass(Unknown Source)
	at org.gradle.api.internal.tasks.testing.worker.TestWorker$2.run(TestWorker.java:176)
	at org.gradle.api.internal.tasks.testing.worker.TestWorker.executeAndMaintainThreadName(TestWorker.java:129)
	at org.gradle.api.internal.tasks.testing.worker.TestWorker.execute(TestWorker.java:100)
	at org.gradle.api.internal.tasks.testing.worker.TestWorker.execute(TestWorker.java:60)
	at org.gradle.process.internal.worker.child.ActionExecutionWorker.execute(ActionExecutionWorker.java:56)
	at org.gradle.process.internal.worker.child.SystemApplicationClassLoaderWorker.call(SystemApplicationClassLoaderWorker.java:133)
	at org.gradle.process.internal.worker.child.SystemApplicationClassLoaderWorker.call(SystemApplicationClassLoaderWorker.java:71)
	at worker.org.gradle.process.internal.worker.GradleWorkerMain.run(GradleWorkerMain.java:69)
	at worker.org.gradle.process.internal.worker.GradleWorkerMain.main(GradleWorkerMain.java:74)
</failure>
  </testcase>
  <system-out><![CDATA[?[1;31m
Start test 1?[0m
  1 2 3 4 5 6 7 8 9 10
A ~ ~ ~ ~ ~ ~ ~ ~ ~ ~
B ~ ~ ~ ~ ~ ~ ~ ~ ~ ~
C ~ ~ ~ ~ ~ ~ ~ ~ ~ ~
D ~ ~ ~ ~ ~ ~ ~ ~ ~ ~
E ~ ~ ~ ~ ~ ~ ~ ~ ~ ~
F ~ ~ ~ ~ ~ ~ ~ ~ ~ ~
G ~ ~ ~ ~ ~ ~ ~ ~ ~ ~
H ~ ~ ~ ~ ~ ~ ~ ~ ~ ~
I ~ ~ ~ ~ ~ ~ ~ ~ ~ ~
J ~ ~ ~ ~ ~ ~ ~ ~ ~ ~

Enter the coordinates of the Aircraft Carrier (5 cells):

> F3 F7

  1 2 3 4 5 6 7 8 9 10
A ~ ~ ~ ~ ~ ~ ~ ~ ~ ~
B ~ ~ ~ ~ ~ ~ ~ ~ ~ ~
C ~ ~ ~ ~ ~ ~ ~ ~ ~ ~
D ~ ~ ~ ~ ~ ~ ~ ~ ~ ~
E ~ ~ ~ ~ ~ ~ ~ ~ ~ ~
F ~ ~ O O O O O ~ ~ ~
G ~ ~ ~ ~ ~ ~ ~ ~ ~ ~
H ~ ~ ~ ~ ~ ~ ~ ~ ~ ~
I ~ ~ ~ ~ ~ ~ ~ ~ ~ ~
J ~ ~ ~ ~ ~ ~ ~ ~ ~ ~

Enter the coordinates of the Battleship (4 cells):

> A1 D1

  1 2 3 4 5 6 7 8 9 10
A O ~ ~ ~ ~ ~ ~ ~ ~ ~
B O ~ ~ ~ ~ ~ ~ ~ ~ ~
C O ~ ~ ~ ~ ~ ~ ~ ~ ~
D O ~ ~ ~ ~ ~ ~ ~ ~ ~
E ~ ~ ~ ~ ~ ~ ~ ~ ~ ~
F ~ ~ O O O O O ~ ~ ~
G ~ ~ ~ ~ ~ ~ ~ ~ ~ ~
H ~ ~ ~ ~ ~ ~ ~ ~ ~ ~
I ~ ~ ~ ~ ~ ~ ~ ~ ~ ~
J ~ ~ ~ ~ ~ ~ ~ ~ ~ ~

Enter the coordinates of the Submarine (3 cells):

> J7 J10

Error! Wrong length of the Submarine! Try again: 
> J10 J8

  1 2 3 4 5 6 7 8 9 10
A O ~ ~ ~ ~ ~ ~ ~ ~ ~
B O ~ ~ ~ ~ ~ ~ ~ ~ ~
C O ~ ~ ~ ~ ~ ~ ~ ~ ~
D O ~ ~ ~ ~ ~ ~ ~ ~ ~
E ~ ~ ~ ~ ~ ~ ~ ~ ~ ~
F ~ ~ O O O O O ~ ~ ~
G ~ ~ ~ ~ ~ ~ ~ ~ ~ ~
H ~ ~ ~ ~ ~ ~ ~ ~ ~ ~
I ~ ~ ~ ~ ~ ~ ~ ~ ~ ~
J ~ ~ ~ ~ ~ ~ ~ O O O

Enter the coordinates of the Cruiser (3 cells):

> B9 D8

Error! Wrong length of the Submarine! Try again: 
> B9 D9

  1 2 3 4 5 6 7 8 9 10
A O ~ ~ ~ ~ ~ ~ ~ ~ ~
B O ~ ~ ~ ~ ~ ~ ~ O ~
C O ~ ~ ~ ~ ~ ~ ~ O ~
D O ~ ~ ~ ~ ~ ~ ~ O ~
E ~ ~ ~ ~ ~ ~ ~ ~ ~ ~
F ~ ~ O O O O O ~ ~ ~
G ~ ~ ~ ~ ~ ~ ~ ~ ~ ~
H ~ ~ ~ ~ ~ ~ ~ ~ ~ ~
I ~ ~ ~ ~ ~ ~ ~ ~ ~ ~
J ~ ~ ~ ~ ~ ~ ~ O O O

Enter the coordinates of the Destroyer (2 cells):

> E6 D6

Error! You placed it too close to another one. Try again: 

> I2 J2

  1 2 3 4 5 6 7 8 9 10
A O ~ ~ ~ ~ ~ ~ ~ ~ ~
B O ~ ~ ~ ~ ~ ~ ~ O ~
C O ~ ~ ~ ~ ~ ~ ~ O ~
D O ~ ~ ~ ~ ~ ~ ~ O ~
E ~ ~ ~ ~ ~ ~ ~ ~ ~ ~
F ~ ~ O O O O O ~ ~ ~
G ~ ~ ~ ~ ~ ~ ~ ~ ~ ~
H ~ ~ ~ ~ ~ ~ ~ ~ ~ ~
I ~ O ~ ~ ~ ~ ~ ~ ~ ~
J ~ O ~ ~ ~ ~ ~ O O O

The game starts!

  1 2 3 4 5 6 7 8 9 10
A O ~ ~ ~ ~ ~ ~ ~ ~ ~
B O ~ ~ ~ ~ ~ ~ ~ O ~
C O ~ ~ ~ ~ ~ ~ ~ O ~
D O ~ ~ ~ ~ ~ ~ ~ O ~
E ~ ~ ~ ~ ~ ~ ~ ~ ~ ~
F ~ ~ O O O O O ~ ~ ~
G ~ ~ ~ ~ ~ ~ ~ ~ ~ ~
H ~ ~ ~ ~ ~ ~ ~ ~ ~ ~
I ~ O ~ ~ ~ ~ ~ ~ ~ ~
J ~ O ~ ~ ~ ~ ~ O O O

> A1

You hit a ship! Try again:


  1 2 3 4 5 6 7 8 9 10
A X ~ ~ ~ ~ ~ ~ ~ ~ ~
B O ~ ~ ~ ~ ~ ~ ~ O ~
C O ~ ~ ~ ~ ~ ~ ~ O ~
D O ~ ~ ~ ~ ~ ~ ~ O ~
E ~ ~ ~ ~ ~ ~ ~ ~ ~ ~
F ~ ~ O O O O O ~ ~ ~
G ~ ~ ~ ~ ~ ~ ~ ~ ~ ~
H ~ ~ ~ ~ ~ ~ ~ ~ ~ ~
I ~ O ~ ~ ~ ~ ~ ~ ~ ~
J ~ O ~ ~ ~ ~ ~ O O O

> A2

You missed. Try again:


  1 2 3 4 5 6 7 8 9 10
A X M ~ ~ ~ ~ ~ ~ ~ ~
B O ~ ~ ~ ~ ~ ~ ~ O ~
C O ~ ~ ~ ~ ~ ~ ~ O ~
D O ~ ~ ~ ~ ~ ~ ~ O ~
E ~ ~ ~ ~ ~ ~ ~ ~ ~ ~
F ~ ~ O O O O O ~ ~ ~
G ~ ~ ~ ~ ~ ~ ~ ~ ~ ~
H ~ ~ ~ ~ ~ ~ ~ ~ ~ ~
I ~ O ~ ~ ~ ~ ~ ~ ~ ~
J ~ O ~ ~ ~ ~ ~ O O O

> B1

You hit a ship! Try again:


  1 2 3 4 5 6 7 8 9 10
A X M ~ ~ ~ ~ ~ ~ ~ ~
B X ~ ~ ~ ~ ~ ~ ~ O ~
C O ~ ~ ~ ~ ~ ~ ~ O ~
D O ~ ~ ~ ~ ~ ~ ~ O ~
E ~ ~ ~ ~ ~ ~ ~ ~ ~ ~
F ~ ~ O O O O O ~ ~ ~
G ~ ~ ~ ~ ~ ~ ~ ~ ~ ~
H ~ ~ ~ ~ ~ ~ ~ ~ ~ ~
I ~ O ~ ~ ~ ~ ~ ~ ~ ~
J ~ O ~ ~ ~ ~ ~ O O O

> C1

You hit a ship! Try again:


  1 2 3 4 5 6 7 8 9 10
A X M ~ ~ ~ ~ ~ ~ ~ ~
B X ~ ~ ~ ~ ~ ~ ~ O ~
C X ~ ~ ~ ~ ~ ~ ~ O ~
D O ~ ~ ~ ~ ~ ~ ~ O ~
E ~ ~ ~ ~ ~ ~ ~ ~ ~ ~
F ~ ~ O O O O O ~ ~ ~
G ~ ~ ~ ~ ~ ~ ~ ~ ~ ~
H ~ ~ ~ ~ ~ ~ ~ ~ ~ ~
I ~ O ~ ~ ~ ~ ~ ~ ~ ~
J ~ O ~ ~ ~ ~ ~ O O O

> D1

You sank a ship! Specify a new target:


  1 2 3 4 5 6 7 8 9 10
A X M ~ ~ ~ ~ ~ ~ ~ ~
B X ~ ~ ~ ~ ~ ~ ~ O ~
C X ~ ~ ~ ~ ~ ~ ~ O ~
D X ~ ~ ~ ~ ~ ~ ~ O ~
E ~ ~ ~ ~ ~ ~ ~ ~ ~ ~
F ~ ~ O O O O O ~ ~ ~
G ~ ~ ~ ~ ~ ~ ~ ~ ~ ~
H ~ ~ ~ ~ ~ ~ ~ ~ ~ ~
I ~ O ~ ~ ~ ~ ~ ~ ~ ~
J ~ O ~ ~ ~ ~ ~ O O O

> E4

You missed. Try again:


  1 2 3 4 5 6 7 8 9 10
A X M ~ ~ ~ ~ ~ ~ ~ ~
B X ~ ~ ~ ~ ~ ~ ~ O ~
C X ~ ~ ~ ~ ~ ~ ~ O ~
D X ~ ~ ~ ~ ~ ~ ~ O ~
E ~ ~ ~ M ~ ~ ~ ~ ~ ~
F ~ ~ O O O O O ~ ~ ~
G ~ ~ ~ ~ ~ ~ ~ ~ ~ ~
H ~ ~ ~ ~ ~ ~ ~ ~ ~ ~
I ~ O ~ ~ ~ ~ ~ ~ ~ ~
J ~ O ~ ~ ~ ~ ~ O O O

> B9

You hit a ship! Try again:


  1 2 3 4 5 6 7 8 9 10
A X M ~ ~ ~ ~ ~ ~ ~ ~
B X ~ ~ ~ ~ ~ ~ ~ X ~
C X ~ ~ ~ ~ ~ ~ ~ O ~
D X ~ ~ ~ ~ ~ ~ ~ O ~
E ~ ~ ~ M ~ ~ ~ ~ ~ ~
F ~ ~ O O O O O ~ ~ ~
G ~ ~ ~ ~ ~ ~ ~ ~ ~ ~
H ~ ~ ~ ~ ~ ~ ~ ~ ~ ~
I ~ O ~ ~ ~ ~ ~ ~ ~ ~
J ~ O ~ ~ ~ ~ ~ O O O

> C9

You hit a ship! Try again:


  1 2 3 4 5 6 7 8 9 10
A X M ~ ~ ~ ~ ~ ~ ~ ~
B X ~ ~ ~ ~ ~ ~ ~ X ~
C X ~ ~ ~ ~ ~ ~ ~ X ~
D X ~ ~ ~ ~ ~ ~ ~ O ~
E ~ ~ ~ M ~ ~ ~ ~ ~ ~
F ~ ~ O O O O O ~ ~ ~
G ~ ~ ~ ~ ~ ~ ~ ~ ~ ~
H ~ ~ ~ ~ ~ ~ ~ ~ ~ ~
I ~ O ~ ~ ~ ~ ~ ~ ~ ~
J ~ O ~ ~ ~ ~ ~ O O O

> D9

You sank a ship! Specify a new target:


  1 2 3 4 5 6 7 8 9 10
A X M ~ ~ ~ ~ ~ ~ ~ ~
B X ~ ~ ~ ~ ~ ~ ~ X ~
C X ~ ~ ~ ~ ~ ~ ~ X ~
D X ~ ~ ~ ~ ~ ~ ~ X ~
E ~ ~ ~ M ~ ~ ~ ~ ~ ~
F ~ ~ O O O O O ~ ~ ~
G ~ ~ ~ ~ ~ ~ ~ ~ ~ ~
H ~ ~ ~ ~ ~ ~ ~ ~ ~ ~
I ~ O ~ ~ ~ ~ ~ ~ ~ ~
J ~ O ~ ~ ~ ~ ~ O O O

> E9

You missed. Try again:


  1 2 3 4 5 6 7 8 9 10
A X M ~ ~ ~ ~ ~ ~ ~ ~
B X ~ ~ ~ ~ ~ ~ ~ X ~
C X ~ ~ ~ ~ ~ ~ ~ X ~
D X ~ ~ ~ ~ ~ ~ ~ X ~
E ~ ~ ~ M ~ ~ ~ ~ M ~
F ~ ~ O O O O O ~ ~ ~
G ~ ~ ~ ~ ~ ~ ~ ~ ~ ~
H ~ ~ ~ ~ ~ ~ ~ ~ ~ ~
I ~ O ~ ~ ~ ~ ~ ~ ~ ~
J ~ O ~ ~ ~ ~ ~ O O O

> F3

You hit a ship! Try again:


  1 2 3 4 5 6 7 8 9 10
A X M ~ ~ ~ ~ ~ ~ ~ ~
B X ~ ~ ~ ~ ~ ~ ~ X ~
C X ~ ~ ~ ~ ~ ~ ~ X ~
D X ~ ~ ~ ~ ~ ~ ~ X ~
E ~ ~ ~ M ~ ~ ~ ~ M ~
F ~ ~ X O O O O ~ ~ ~
G ~ ~ ~ ~ ~ ~ ~ ~ ~ ~
H ~ ~ ~ ~ ~ ~ ~ ~ ~ ~
I ~ O ~ ~ ~ ~ ~ ~ ~ ~
J ~ O ~ ~ ~ ~ ~ O O O

> F4

You hit a ship! Try again:


  1 2 3 4 5 6 7 8 9 10
A X M ~ ~ ~ ~ ~ ~ ~ ~
B X ~ ~ ~ ~ ~ ~ ~ X ~
C X ~ ~ ~ ~ ~ ~ ~ X ~
D X ~ ~ ~ ~ ~ ~ ~ X ~
E ~ ~ ~ M ~ ~ ~ ~ M ~
F ~ ~ X X O O O ~ ~ ~
G ~ ~ ~ ~ ~ ~ ~ ~ ~ ~
H ~ ~ ~ ~ ~ ~ ~ ~ ~ ~
I ~ O ~ ~ ~ ~ ~ ~ ~ ~
J ~ O ~ ~ ~ ~ ~ O O O

> F5

You hit a ship! Try again:


  1 2 3 4 5 6 7 8 9 10
A X M ~ ~ ~ ~ ~ ~ ~ ~
B X ~ ~ ~ ~ ~ ~ ~ X ~
C X ~ ~ ~ ~ ~ ~ ~ X ~
D X ~ ~ ~ ~ ~ ~ ~ X ~
E ~ ~ ~ M ~ ~ ~ ~ M ~
F ~ ~ X X X O O ~ ~ ~
G ~ ~ ~ ~ ~ ~ ~ ~ ~ ~
H ~ ~ ~ ~ ~ ~ ~ ~ ~ ~
I ~ O ~ ~ ~ ~ ~ ~ ~ ~
J ~ O ~ ~ ~ ~ ~ O O O

> F6

You hit a ship! Try again:


  1 2 3 4 5 6 7 8 9 10
A X M ~ ~ ~ ~ ~ ~ ~ ~
B X ~ ~ ~ ~ ~ ~ ~ X ~
C X ~ ~ ~ ~ ~ ~ ~ X ~
D X ~ ~ ~ ~ ~ ~ ~ X ~
E ~ ~ ~ M ~ ~ ~ ~ M ~
F ~ ~ X X X X O ~ ~ ~
G ~ ~ ~ ~ ~ ~ ~ ~ ~ ~
H ~ ~ ~ ~ ~ ~ ~ ~ ~ ~
I ~ O ~ ~ ~ ~ ~ ~ ~ ~
J ~ O ~ ~ ~ ~ ~ O O O

> F7

You sank a ship! Specify a new target:


  1 2 3 4 5 6 7 8 9 10
A X M ~ ~ ~ ~ ~ ~ ~ ~
B X ~ ~ ~ ~ ~ ~ ~ X ~
C X ~ ~ ~ ~ ~ ~ ~ X ~
D X ~ ~ ~ ~ ~ ~ ~ X ~
E ~ ~ ~ M ~ ~ ~ ~ M ~
F ~ ~ X X X X X ~ ~ ~
G ~ ~ ~ ~ ~ ~ ~ ~ ~ ~
H ~ ~ ~ ~ ~ ~ ~ ~ ~ ~
I ~ O ~ ~ ~ ~ ~ ~ ~ ~
J ~ O ~ ~ ~ ~ ~ O O O

> F10

You missed. Try again:


  1 2 3 4 5 6 7 8 9 10
A X M ~ ~ ~ ~ ~ ~ ~ ~
B X ~ ~ ~ ~ ~ ~ ~ X ~
C X ~ ~ ~ ~ ~ ~ ~ X ~
D X ~ ~ ~ ~ ~ ~ ~ X ~
E ~ ~ ~ M ~ ~ ~ ~ M ~
F ~ ~ X X X X X ~ ~ M
G ~ ~ ~ ~ ~ ~ ~ ~ ~ ~
H ~ ~ ~ ~ ~ ~ ~ ~ ~ ~
I ~ O ~ ~ ~ ~ ~ ~ ~ ~
J ~ O ~ ~ ~ ~ ~ O O O

> G8

You missed. Try again:


  1 2 3 4 5 6 7 8 9 10
A X M ~ ~ ~ ~ ~ ~ ~ ~
B X ~ ~ ~ ~ ~ ~ ~ X ~
C X ~ ~ ~ ~ ~ ~ ~ X ~
D X ~ ~ ~ ~ ~ ~ ~ X ~
E ~ ~ ~ M ~ ~ ~ ~ M ~
F ~ ~ X X X X X ~ ~ M
G ~ ~ ~ ~ ~ ~ ~ M ~ ~
H ~ ~ ~ ~ ~ ~ ~ ~ ~ ~
I ~ O ~ ~ ~ ~ ~ ~ ~ ~
J ~ O ~ ~ ~ ~ ~ O O O

> G5

You missed. Try again:


  1 2 3 4 5 6 7 8 9 10
A X M ~ ~ ~ ~ ~ ~ ~ ~
B X ~ ~ ~ ~ ~ ~ ~ X ~
C X ~ ~ ~ ~ ~ ~ ~ X ~
D X ~ ~ ~ ~ ~ ~ ~ X ~
E ~ ~ ~ M ~ ~ ~ ~ M ~
F ~ ~ X X X X X ~ ~ M
G ~ ~ ~ ~ M ~ ~ M ~ ~
H ~ ~ ~ ~ ~ ~ ~ ~ ~ ~
I ~ O ~ ~ ~ ~ ~ ~ ~ ~
J ~ O ~ ~ ~ ~ ~ O O O

> H2

You missed. Try again:


  1 2 3 4 5 6 7 8 9 10
A X M ~ ~ ~ ~ ~ ~ ~ ~
B X ~ ~ ~ ~ ~ ~ ~ X ~
C X ~ ~ ~ ~ ~ ~ ~ X ~
D X ~ ~ ~ ~ ~ ~ ~ X ~
E ~ ~ ~ M ~ ~ ~ ~ M ~
F ~ ~ X X X X X ~ ~ M
G ~ ~ ~ ~ M ~ ~ M ~ ~
H ~ M ~ ~ ~ ~ ~ ~ ~ ~
I ~ O ~ ~ ~ ~ ~ ~ ~ ~
J ~ O ~ ~ ~ ~ ~ O O O

> I2

You hit a ship! Try again:


  1 2 3 4 5 6 7 8 9 10
A X M ~ ~ ~ ~ ~ ~ ~ ~
B X ~ ~ ~ ~ ~ ~ ~ X ~
C X ~ ~ ~ ~ ~ ~ ~ X ~
D X ~ ~ ~ ~ ~ ~ ~ X ~
E ~ ~ ~ M ~ ~ ~ ~ M ~
F ~ ~ X X X X X ~ ~ M
G ~ ~ ~ ~ M ~ ~ M ~ ~
H ~ M ~ ~ ~ ~ ~ ~ ~ ~
I ~ X ~ ~ ~ ~ ~ ~ ~ ~
J ~ O ~ ~ ~ ~ ~ O O O

> J2

You sank a ship! Specify a new target:


  1 2 3 4 5 6 7 8 9 10
A X M ~ ~ ~ ~ ~ ~ ~ ~
B X ~ ~ ~ ~ ~ ~ ~ X ~
C X ~ ~ ~ ~ ~ ~ ~ X ~
D X ~ ~ ~ ~ ~ ~ ~ X ~
E ~ ~ ~ M ~ ~ ~ ~ M ~
F ~ ~ X X X X X ~ ~ M
G ~ ~ ~ ~ M ~ ~ M ~ ~
H ~ M ~ ~ ~ ~ ~ ~ ~ ~
I ~ X ~ ~ ~ ~ ~ ~ ~ ~
J ~ X ~ ~ ~ ~ ~ O O O

> J6

You missed. Try again:


  1 2 3 4 5 6 7 8 9 10
A X M ~ ~ ~ ~ ~ ~ ~ ~
B X ~ ~ ~ ~ ~ ~ ~ X ~
C X ~ ~ ~ ~ ~ ~ ~ X ~
D X ~ ~ ~ ~ ~ ~ ~ X ~
E ~ ~ ~ M ~ ~ ~ ~ M ~
F ~ ~ X X X X X ~ ~ M
G ~ ~ ~ ~ M ~ ~ M ~ ~
H ~ M ~ ~ ~ ~ ~ ~ ~ ~
I ~ X ~ ~ ~ ~ ~ ~ ~ ~
J ~ X ~ ~ ~ M ~ O O O

> J8

You hit a ship! Try again:


  1 2 3 4 5 6 7 8 9 10
A X M ~ ~ ~ ~ ~ ~ ~ ~
B X ~ ~ ~ ~ ~ ~ ~ X ~
C X ~ ~ ~ ~ ~ ~ ~ X ~
D X ~ ~ ~ ~ ~ ~ ~ X ~
E ~ ~ ~ M ~ ~ ~ ~ M ~
F ~ ~ X X X X X ~ ~ M
G ~ ~ ~ ~ M ~ ~ M ~ ~
H ~ M ~ ~ ~ ~ ~ ~ ~ ~
I ~ X ~ ~ ~ ~ ~ ~ ~ ~
J ~ X ~ ~ ~ M ~ X O O

> J9

You hit a ship! Try again:


  1 2 3 4 5 6 7 8 9 10
A X M ~ ~ ~ ~ ~ ~ ~ ~
B X ~ ~ ~ ~ ~ ~ ~ X ~
C X ~ ~ ~ ~ ~ ~ ~ X ~
D X ~ ~ ~ ~ ~ ~ ~ X ~
E ~ ~ ~ M ~ ~ ~ ~ M ~
F ~ ~ X X X X X ~ ~ M
G ~ ~ ~ ~ M ~ ~ M ~ ~
H ~ M ~ ~ ~ ~ ~ ~ ~ ~
I ~ X ~ ~ ~ ~ ~ ~ ~ ~
J ~ X ~ ~ ~ M ~ X X O

> J10

You sank the last ship. You won. Congratulations!

]]></system-out>
  <system-err><![CDATA[]]></system-err>
</testsuite>
