<?xml version="1.0" encoding="UTF-8"?>
<testsuite name="NumbersTest" tests="1" skipped="0" failures="0" errors="0" timestamp="2023-05-31T17:56:00" hostname="DESKTOP-MUCVRS8" time="0.211">
  <properties/>
  <testcase name="start" classname="NumbersTest" time="0.211"/>
  <system-out><![CDATA[?[1;31m
Start test 1?[0m
Welcome to Amazing Numbers!

Supported requests:
- enter a natural number to know its properties;
- enter 0 to exit.

Enter a request: > > 0

Goodbye!
?[1;31m
Start test 2?[0m
Welcome to Amazing Numbers!

Supported requests:
- enter a natural number to know its properties;
- enter 0 to exit.

Enter a request: > > -57

The first parameter should be a natural number or zero.

Enter a request: > > 0

Goodbye!
?[1;31m
Start test 3?[0m
Welcome to Amazing Numbers!

Supported requests:
- enter a natural number to know its properties;
- enter 0 to exit.

Enter a request: > > -101

The first parameter should be a natural number or zero.

Enter a request: > > 0

Goodbye!
?[1;31m
Start test 4?[0m
Welcome to Amazing Numbers!

Supported requests:
- enter a natural number to know its properties;
- enter 0 to exit.

Enter a request: > > -46

The first parameter should be a natural number or zero.

Enter a request: > > 0

Goodbye!
?[1;31m
Start test 5?[0m
Welcome to Amazing Numbers!

Supported requests:
- enter a natural number to know its properties;
- enter 0 to exit.

Enter a request: > > -105

The first parameter should be a natural number or zero.

Enter a request: > > 0

Goodbye!
?[1;31m
Start test 6?[0m
Welcome to Amazing Numbers!

Supported requests:
- enter a natural number to know its properties;
- enter 0 to exit.

Enter a request: > > -69

The first parameter should be a natural number or zero.

Enter a request: > > 0

Goodbye!
?[1;31m
Start test 7?[0m
Welcome to Amazing Numbers!

Supported requests:
- enter a natural number to know its properties;
- enter 0 to exit.

Enter a request: > > 1

Properties of 1
        even: false
         odd: true
        buzz: false
        duck: false
 palindromic: true

Enter a request: > > 2

Properties of 2
        even: true
         odd: false
        buzz: false
        duck: false
 palindromic: true

Enter a request: > > 3

Properties of 3
        even: false
         odd: true
        buzz: false
        duck: false
 palindromic: true

Enter a request: > > 4

Properties of 4
        even: true
         odd: false
        buzz: false
        duck: false
 palindromic: true

Enter a request: > > 5

Properties of 5
        even: false
         odd: true
        buzz: false
        duck: false
 palindromic: true

Enter a request: > > 6

Properties of 6
        even: true
         odd: false
        buzz: false
        duck: false
 palindromic: true

Enter a request: > > 7

Properties of 7
        even: false
         odd: true
        buzz: true
        duck: false
 palindromic: true

Enter a request: > > 8

Properties of 8
        even: true
         odd: false
        buzz: false
        duck: false
 palindromic: true

Enter a request: > > 9

Properties of 9
        even: false
         odd: true
        buzz: false
        duck: false
 palindromic: true

Enter a request: > > 10

Properties of 10
        even: true
         odd: false
        buzz: false
        duck: true
 palindromic: false

Enter a request: > > 11

Properties of 11
        even: false
         odd: true
        buzz: false
        duck: false
 palindromic: true

Enter a request: > > 12

Properties of 12
        even: true
         odd: false
        buzz: false
        duck: false
 palindromic: false

Enter a request: > > 13

Properties of 13
        even: false
         odd: true
        buzz: false
        duck: false
 palindromic: false

Enter a request: > > 14

Properties of 14
        even: true
         odd: false
        buzz: true
        duck: false
 palindromic: false

Enter a request: > > 0

Goodbye!
?[1;31m
Start test 8?[0m
Welcome to Amazing Numbers!

Supported requests:
- enter a natural number to know its properties;
- enter 0 to exit.

Enter a request: > > 5636585017300841840

Properties of 5636585017300841840
        even: true
         odd: false
        buzz: false
        duck: true
 palindromic: false

Enter a request: > > 0

Goodbye!
?[1;31m
Start test 9?[0m
Welcome to Amazing Numbers!

Supported requests:
- enter a natural number to know its properties;
- enter 0 to exit.

Enter a request: > > 3005162746831767701

Properties of 3005162746831767701
        even: false
         odd: true
        buzz: false
        duck: true
 palindromic: false

Enter a request: > > 0

Goodbye!
?[1;31m
Start test 10?[0m
Welcome to Amazing Numbers!

Supported requests:
- enter a natural number to know its properties;
- enter 0 to exit.

Enter a request: > > 4493447343199300687

Properties of 4493447343199300687
        even: false
         odd: true
        buzz: true
        duck: true
 palindromic: false

Enter a request: > > 0

Goodbye!
?[1;31m
Start test 11?[0m
Welcome to Amazing Numbers!

Supported requests:
- enter a natural number to know its properties;
- enter 0 to exit.

Enter a request: > > 4991222253804979952

Properties of 4991222253804979952
        even: true
         odd: false
        buzz: false
        duck: true
 palindromic: false

Enter a request: > > 0

Goodbye!
?[1;31m
Start test 12?[0m
Welcome to Amazing Numbers!

Supported requests:
- enter a natural number to know its properties;
- enter 0 to exit.

Enter a request: > > 795366350348427642

Properties of 795366350348427642
        even: true
         odd: false
        buzz: false
        duck: true
 palindromic: false

Enter a request: > > 0

Goodbye!
?[1;31m
Start test 13?[0m
Welcome to Amazing Numbers!

Supported requests:
- enter a natural number to know its properties;
- enter 0 to exit.

Enter a request: > > 4861240529188168060

Properties of 4861240529188168060
        even: true
         odd: false
        buzz: false
        duck: true
 palindromic: false

Enter a request: > > 0

Goodbye!
?[1;31m
Start test 14?[0m
Welcome to Amazing Numbers!

Supported requests:
- enter a natural number to know its properties;
- enter 0 to exit.

Enter a request: > > 4872809437395130303

Properties of 4872809437395130303
        even: false
         odd: true
        buzz: false
        duck: true
 palindromic: false

Enter a request: > > 0

Goodbye!
?[1;31m
Start test 15?[0m
Welcome to Amazing Numbers!

Supported requests:
- enter a natural number to know its properties;
- enter 0 to exit.

Enter a request: > > 98731366385488457

Properties of 98731366385488457
        even: false
         odd: true
        buzz: true
        duck: false
 palindromic: false

Enter a request: > > 0

Goodbye!
?[1;31m
Start test 16?[0m
Welcome to Amazing Numbers!

Supported requests:
- enter a natural number to know its properties;
- enter 0 to exit.

Enter a request: > > 6717870656315698654

Properties of 6717870656315698654
        even: true
         odd: false
        buzz: false
        duck: true
 palindromic: false

Enter a request: > > 0

Goodbye!
?[1;31m
Start test 17?[0m
Welcome to Amazing Numbers!

Supported requests:
- enter a natural number to know its properties;
- enter 0 to exit.

Enter a request: > > 3279962372406131134

Properties of 3279962372406131134
        even: true
         odd: false
        buzz: false
        duck: true
 palindromic: false

Enter a request: > > 0

Goodbye!
]]></system-out>
  <system-err><![CDATA[]]></system-err>
</testsuite>
