<?xml version="1.0" encoding="UTF-8"?>
<testsuite name="BullsCowsTest" tests="1" skipped="0" failures="0" errors="0" timestamp="2022-12-07T18:21:13" hostname="DESKTOP-MUCVRS8" time="0.465">
  <properties/>
  <testcase name="start" classname="BullsCowsTest" time="0.465"/>
  <system-out><![CDATA[?[1;31m
Start test 1?[0m
Please, enter the secret code's length:
> 1
Okay, let's start a game!
Turn 1:
> 0
Grade: None.
Turn 2:
> 1
Grade: None.
Turn 3:
> 2
Grade: None.
Turn 4:
> 3
Grade: None.
Turn 5:
> 4
Grade: None.
Turn 6:
> 5
Grade: None.
Turn 7:
> 6
Grade: None.
Turn 8:
> 7
Grade: None.
Turn 9:
> 8
Grade: None.
Turn 10:
> 9
Grade: 1 bull(s).
Congratulations! You guessed the secret code.
?[1;31m
Start test 2?[0m
Please, enter the secret code's length:
> 4
Okay, let's start a game!
Turn 1:
> 0000
Grade: None.
Turn 2:
> 1111
Grade: None.
Turn 3:
> 2222
Grade: 1 bull(s) and 3 cow(s).
Turn 4:
> 3333
Grade: None.
Turn 5:
> 4444
Grade: 1 bull(s) and 3 cow(s).
Turn 6:
> 5555
Grade: None.
Turn 7:
> 6666
Grade: None.
Turn 8:
> 7777
Grade: 1 bull(s) and 3 cow(s).
Turn 9:
> 8888
Grade: None.
Turn 10:
> 9999
Grade: 1 bull(s) and 3 cow(s).
Turn 11:
> 2479
Grade: 4 cow(s).
Turn 12:
> 4279
Grade: 1 bull(s) and 3 cow(s).
Turn 13:
> 7249
Grade: 2 bull(s) and 2 cow(s).
Turn 14:
> 2749
Grade: 4 cow(s).
Turn 15:
> 4729
Grade: 4 cow(s).
Turn 16:
> 7429
Grade: 1 bull(s) and 3 cow(s).
Turn 17:
> 9427
Grade: 4 cow(s).
Turn 18:
> 4927
Grade: 4 cow(s).
Turn 19:
> 2947
Grade: 4 cow(s).
Turn 20:
> 9247
Grade: 1 bull(s) and 3 cow(s).
Turn 21:
> 4297
Grade: 2 bull(s) and 2 cow(s).
Turn 22:
> 2497
Grade: 1 bull(s) and 3 cow(s).
Turn 23:
> 2794
Grade: 2 bull(s) and 2 cow(s).
Turn 24:
> 7294
Grade: 4 bull(s).
Congratulations! You guessed the secret code.
?[1;31m
Start test 3?[0m
Please, enter the secret code's length:
> 6
Okay, let's start a game!
Turn 1:
> 000000
Grade: None.
Turn 2:
> 111111
Grade: 1 bull(s) and 5 cow(s).
Turn 3:
> 222222
Grade: 1 bull(s) and 5 cow(s).
Turn 4:
> 333333
Grade: 1 bull(s) and 5 cow(s).
Turn 5:
> 444444
Grade: None.
Turn 6:
> 555555
Grade: None.
Turn 7:
> 666666
Grade: 1 bull(s) and 5 cow(s).
Turn 8:
> 777777
Grade: 1 bull(s) and 5 cow(s).
Turn 9:
> 888888
Grade: 1 bull(s) and 5 cow(s).
Turn 10:
> 123678
Grade: 3 bull(s) and 3 cow(s).
Turn 11:
> 213678
Grade: 1 bull(s) and 5 cow(s).
Turn 12:
> 312678
Grade: 1 bull(s) and 5 cow(s).
Turn 13:
> 132678
Grade: 2 bull(s) and 4 cow(s).
Turn 14:
> 231678
Grade: 1 bull(s) and 5 cow(s).
Turn 15:
> 321678
Grade: 2 bull(s) and 4 cow(s).
Turn 16:
> 621378
Grade: 1 bull(s) and 5 cow(s).
Turn 17:
> 261378
Grade: 6 cow(s).
Turn 18:
> 162378
Grade: 1 bull(s) and 5 cow(s).
Turn 19:
> 612378
Grade: 6 cow(s).
Turn 20:
> 216378
Grade: 6 cow(s).
Turn 21:
> 126378
Grade: 2 bull(s) and 4 cow(s).
Turn 22:
> 136278
Grade: 1 bull(s) and 5 cow(s).
Turn 23:
> 316278
Grade: 6 cow(s).
Turn 24:
> 613278
Grade: 6 cow(s).
Turn 25:
> 163278
Grade: 1 bull(s) and 5 cow(s).
Turn 26:
> 361278
Grade: 6 cow(s).
Turn 27:
> 631278
Grade: 6 cow(s).
Turn 28:
> 632178
Grade: 6 cow(s).
Turn 29:
> 362178
Grade: 6 cow(s).
Turn 30:
> 263178
Grade: 6 cow(s).
Turn 31:
> 623178
Grade: 1 bull(s) and 5 cow(s).
Turn 32:
> 326178
Grade: 1 bull(s) and 5 cow(s).
Turn 33:
> 236178
Grade: 6 cow(s).
Turn 34:
> 736128
Grade: 6 cow(s).
Turn 35:
> 376128
Grade: 6 cow(s).
Turn 36:
> 673128
Grade: 6 cow(s).
Turn 37:
> 763128
Grade: 6 cow(s).
Turn 38:
> 367128
Grade: 1 bull(s) and 5 cow(s).
Turn 39:
> 637128
Grade: 1 bull(s) and 5 cow(s).
Turn 40:
> 137628
Grade: 3 bull(s) and 3 cow(s).
Turn 41:
> 317628
Grade: 2 bull(s) and 4 cow(s).
Turn 42:
> 713628
Grade: 1 bull(s) and 5 cow(s).
Turn 43:
> 173628
Grade: 2 bull(s) and 4 cow(s).
Turn 44:
> 371628
Grade: 1 bull(s) and 5 cow(s).
Turn 45:
> 731628
Grade: 1 bull(s) and 5 cow(s).
Turn 46:
> 761328
Grade: 6 cow(s).
Turn 47:
> 671328
Grade: 6 cow(s).
Turn 48:
> 176328
Grade: 1 bull(s) and 5 cow(s).
Turn 49:
> 716328
Grade: 6 cow(s).
Turn 50:
> 617328
Grade: 1 bull(s) and 5 cow(s).
Turn 51:
> 167328
Grade: 2 bull(s) and 4 cow(s).
Turn 52:
> 163728
Grade: 1 bull(s) and 5 cow(s).
Turn 53:
> 613728
Grade: 6 cow(s).
Turn 54:
> 316728
Grade: 6 cow(s).
Turn 55:
> 136728
Grade: 1 bull(s) and 5 cow(s).
Turn 56:
> 631728
Grade: 6 cow(s).
Turn 57:
> 361728
Grade: 6 cow(s).
Turn 58:
> 261738
Grade: 6 cow(s).
Turn 59:
> 621738
Grade: 1 bull(s) and 5 cow(s).
Turn 60:
> 126738
Grade: 2 bull(s) and 4 cow(s).
Turn 61:
> 216738
Grade: 6 cow(s).
Turn 62:
> 612738
Grade: 6 cow(s).
Turn 63:
> 162738
Grade: 1 bull(s) and 5 cow(s).
Turn 64:
> 762138
Grade: 6 cow(s).
Turn 65:
> 672138
Grade: 6 cow(s).
Turn 66:
> 276138
Grade: 6 cow(s).
Turn 67:
> 726138
Grade: 1 bull(s) and 5 cow(s).
Turn 68:
> 627138
Grade: 2 bull(s) and 4 cow(s).
Turn 69:
> 267138
Grade: 1 bull(s) and 5 cow(s).
Turn 70:
> 217638
Grade: 2 bull(s) and 4 cow(s).
Turn 71:
> 127638
Grade: 4 bull(s) and 2 cow(s).
Turn 72:
> 721638
Grade: 2 bull(s) and 4 cow(s).
Turn 73:
> 271638
Grade: 1 bull(s) and 5 cow(s).
Turn 74:
> 172638
Grade: 2 bull(s) and 4 cow(s).
Turn 75:
> 712638
Grade: 1 bull(s) and 5 cow(s).
Turn 76:
> 716238
Grade: 6 cow(s).
Turn 77:
> 176238
Grade: 1 bull(s) and 5 cow(s).
Turn 78:
> 671238
Grade: 6 cow(s).
Turn 79:
> 761238
Grade: 6 cow(s).
Turn 80:
> 167238
Grade: 2 bull(s) and 4 cow(s).
Turn 81:
> 617238
Grade: 1 bull(s) and 5 cow(s).
Turn 82:
> 317268
Grade: 1 bull(s) and 5 cow(s).
Turn 83:
> 137268
Grade: 2 bull(s) and 4 cow(s).
Turn 84:
> 731268
Grade: 6 cow(s).
Turn 85:
> 371268
Grade: 6 cow(s).
Turn 86:
> 173268
Grade: 1 bull(s) and 5 cow(s).
Turn 87:
> 713268
Grade: 6 cow(s).
Turn 88:
> 213768
Grade: 6 cow(s).
Turn 89:
> 123768
Grade: 2 bull(s) and 4 cow(s).
Turn 90:
> 321768
Grade: 1 bull(s) and 5 cow(s).
Turn 91:
> 231768
Grade: 6 cow(s).
Turn 92:
> 132768
Grade: 1 bull(s) and 5 cow(s).
Turn 93:
> 312768
Grade: 6 cow(s).
Turn 94:
> 372168
Grade: 6 cow(s).
Turn 95:
> 732168
Grade: 6 cow(s).
Turn 96:
> 237168
Grade: 1 bull(s) and 5 cow(s).
Turn 97:
> 327168
Grade: 2 bull(s) and 4 cow(s).
Turn 98:
> 723168
Grade: 1 bull(s) and 5 cow(s).
Turn 99:
> 273168
Grade: 6 cow(s).
Turn 100:
> 271368
Grade: 6 cow(s).
Turn 101:
> 721368
Grade: 1 bull(s) and 5 cow(s).
Turn 102:
> 127368
Grade: 3 bull(s) and 3 cow(s).
Turn 103:
> 217368
Grade: 1 bull(s) and 5 cow(s).
Turn 104:
> 712368
Grade: 6 cow(s).
Turn 105:
> 172368
Grade: 1 bull(s) and 5 cow(s).
Turn 106:
> 672318
Grade: 6 cow(s).
Turn 107:
> 762318
Grade: 6 cow(s).
Turn 108:
> 267318
Grade: 1 bull(s) and 5 cow(s).
Turn 109:
> 627318
Grade: 2 bull(s) and 4 cow(s).
Turn 110:
> 726318
Grade: 1 bull(s) and 5 cow(s).
Turn 111:
> 276318
Grade: 6 cow(s).
Turn 112:
> 376218
Grade: 6 cow(s).
Turn 113:
> 736218
Grade: 6 cow(s).
Turn 114:
> 637218
Grade: 1 bull(s) and 5 cow(s).
Turn 115:
> 367218
Grade: 1 bull(s) and 5 cow(s).
Turn 116:
> 763218
Grade: 6 cow(s).
Turn 117:
> 673218
Grade: 6 cow(s).
Turn 118:
> 623718
Grade: 1 bull(s) and 5 cow(s).
Turn 119:
> 263718
Grade: 6 cow(s).
Turn 120:
> 362718
Grade: 6 cow(s).
Turn 121:
> 632718
Grade: 6 cow(s).
Turn 122:
> 236718
Grade: 6 cow(s).
Turn 123:
> 326718
Grade: 1 bull(s) and 5 cow(s).
Turn 124:
> 327618
Grade: 3 bull(s) and 3 cow(s).
Turn 125:
> 237618
Grade: 2 bull(s) and 4 cow(s).
Turn 126:
> 732618
Grade: 1 bull(s) and 5 cow(s).
Turn 127:
> 372618
Grade: 1 bull(s) and 5 cow(s).
Turn 128:
> 273618
Grade: 1 bull(s) and 5 cow(s).
Turn 129:
> 723618
Grade: 2 bull(s) and 4 cow(s).
Turn 130:
> 823617
Grade: 2 bull(s) and 4 cow(s).
Turn 131:
> 283617
Grade: 1 bull(s) and 5 cow(s).
Turn 132:
> 382617
Grade: 1 bull(s) and 5 cow(s).
Turn 133:
> 832617
Grade: 1 bull(s) and 5 cow(s).
Turn 134:
> 238617
Grade: 1 bull(s) and 5 cow(s).
Turn 135:
> 328617
Grade: 2 bull(s) and 4 cow(s).
Turn 136:
> 628317
Grade: 1 bull(s) and 5 cow(s).
Turn 137:
> 268317
Grade: 6 cow(s).
Turn 138:
> 862317
Grade: 6 cow(s).
Turn 139:
> 682317
Grade: 6 cow(s).
Turn 140:
> 286317
Grade: 6 cow(s).
Turn 141:
> 826317
Grade: 1 bull(s) and 5 cow(s).
Turn 142:
> 836217
Grade: 6 cow(s).
Turn 143:
> 386217
Grade: 6 cow(s).
Turn 144:
> 683217
Grade: 6 cow(s).
Turn 145:
> 863217
Grade: 6 cow(s).
Turn 146:
> 368217
Grade: 6 cow(s).
Turn 147:
> 638217
Grade: 6 cow(s).
Turn 148:
> 632817
Grade: 6 cow(s).
Turn 149:
> 362817
Grade: 6 cow(s).
Turn 150:
> 263817
Grade: 6 cow(s).
Turn 151:
> 623817
Grade: 1 bull(s) and 5 cow(s).
Turn 152:
> 326817
Grade: 1 bull(s) and 5 cow(s).
Turn 153:
> 236817
Grade: 6 cow(s).
Turn 154:
> 136827
Grade: 1 bull(s) and 5 cow(s).
Turn 155:
> 316827
Grade: 6 cow(s).
Turn 156:
> 613827
Grade: 6 cow(s).
Turn 157:
> 163827
Grade: 1 bull(s) and 5 cow(s).
Turn 158:
> 361827
Grade: 6 cow(s).
Turn 159:
> 631827
Grade: 6 cow(s).
Turn 160:
> 831627
Grade: 1 bull(s) and 5 cow(s).
Turn 161:
> 381627
Grade: 1 bull(s) and 5 cow(s).
Turn 162:
> 183627
Grade: 2 bull(s) and 4 cow(s).
Turn 163:
> 813627
Grade: 1 bull(s) and 5 cow(s).
Turn 164:
> 318627
Grade: 1 bull(s) and 5 cow(s).
Turn 165:
> 138627
Grade: 2 bull(s) and 4 cow(s).
Turn 166:
> 168327
Grade: 1 bull(s) and 5 cow(s).
Turn 167:
> 618327
Grade: 6 cow(s).
Turn 168:
> 816327
Grade: 6 cow(s).
Turn 169:
> 186327
Grade: 1 bull(s) and 5 cow(s).
Turn 170:
> 681327
Grade: 6 cow(s).
Turn 171:
> 861327
Grade: 6 cow(s).
Turn 172:
> 863127
Grade: 6 cow(s).
Turn 173:
> 683127
Grade: 6 cow(s).
Turn 174:
> 386127
Grade: 6 cow(s).
Turn 175:
> 836127
Grade: 6 cow(s).
Turn 176:
> 638127
Grade: 6 cow(s).
Turn 177:
> 368127
Grade: 6 cow(s).
Turn 178:
> 268137
Grade: 6 cow(s).
Turn 179:
> 628137
Grade: 1 bull(s) and 5 cow(s).
Turn 180:
> 826137
Grade: 1 bull(s) and 5 cow(s).
Turn 181:
> 286137
Grade: 6 cow(s).
Turn 182:
> 682137
Grade: 6 cow(s).
Turn 183:
> 862137
Grade: 6 cow(s).
Turn 184:
> 162837
Grade: 1 bull(s) and 5 cow(s).
Turn 185:
> 612837
Grade: 6 cow(s).
Turn 186:
> 216837
Grade: 6 cow(s).
Turn 187:
> 126837
Grade: 2 bull(s) and 4 cow(s).
Turn 188:
> 621837
Grade: 1 bull(s) and 5 cow(s).
Turn 189:
> 261837
Grade: 6 cow(s).
Turn 190:
> 281637
Grade: 1 bull(s) and 5 cow(s).
Turn 191:
> 821637
Grade: 2 bull(s) and 4 cow(s).
Turn 192:
> 128637
Grade: 3 bull(s) and 3 cow(s).
Turn 193:
> 218637
Grade: 1 bull(s) and 5 cow(s).
Turn 194:
> 812637
Grade: 1 bull(s) and 5 cow(s).
Turn 195:
> 182637
Grade: 2 bull(s) and 4 cow(s).
Turn 196:
> 186237
Grade: 1 bull(s) and 5 cow(s).
Turn 197:
> 816237
Grade: 6 cow(s).
Turn 198:
> 618237
Grade: 6 cow(s).
Turn 199:
> 168237
Grade: 1 bull(s) and 5 cow(s).
Turn 200:
> 861237
Grade: 6 cow(s).
Turn 201:
> 681237
Grade: 6 cow(s).
Turn 202:
> 381267
Grade: 6 cow(s).
Turn 203:
> 831267
Grade: 6 cow(s).
Turn 204:
> 138267
Grade: 1 bull(s) and 5 cow(s).
Turn 205:
> 318267
Grade: 6 cow(s).
Turn 206:
> 813267
Grade: 6 cow(s).
Turn 207:
> 183267
Grade: 1 bull(s) and 5 cow(s).
Turn 208:
> 283167
Grade: 6 cow(s).
Turn 209:
> 823167
Grade: 1 bull(s) and 5 cow(s).
Turn 210:
> 328167
Grade: 1 bull(s) and 5 cow(s).
Turn 211:
> 238167
Grade: 6 cow(s).
Turn 212:
> 832167
Grade: 6 cow(s).
Turn 213:
> 382167
Grade: 6 cow(s).
Turn 214:
> 312867
Grade: 6 cow(s).
Turn 215:
> 132867
Grade: 1 bull(s) and 5 cow(s).
Turn 216:
> 231867
Grade: 6 cow(s).
Turn 217:
> 321867
Grade: 1 bull(s) and 5 cow(s).
Turn 218:
> 123867
Grade: 2 bull(s) and 4 cow(s).
Turn 219:
> 213867
Grade: 6 cow(s).
Turn 220:
> 218367
Grade: 6 cow(s).
Turn 221:
> 128367
Grade: 2 bull(s) and 4 cow(s).
Turn 222:
> 821367
Grade: 1 bull(s) and 5 cow(s).
Turn 223:
> 281367
Grade: 6 cow(s).
Turn 224:
> 182367
Grade: 1 bull(s) and 5 cow(s).
Turn 225:
> 812367
Grade: 6 cow(s).
Turn 226:
> 612387
Grade: 1 bull(s) and 5 cow(s).
Turn 227:
> 162387
Grade: 2 bull(s) and 4 cow(s).
Turn 228:
> 261387
Grade: 1 bull(s) and 5 cow(s).
Turn 229:
> 621387
Grade: 2 bull(s) and 4 cow(s).
Turn 230:
> 126387
Grade: 3 bull(s) and 3 cow(s).
Turn 231:
> 216387
Grade: 1 bull(s) and 5 cow(s).
Turn 232:
> 316287
Grade: 1 bull(s) and 5 cow(s).
Turn 233:
> 136287
Grade: 2 bull(s) and 4 cow(s).
Turn 234:
> 631287
Grade: 1 bull(s) and 5 cow(s).
Turn 235:
> 361287
Grade: 1 bull(s) and 5 cow(s).
Turn 236:
> 163287
Grade: 2 bull(s) and 4 cow(s).
Turn 237:
> 613287
Grade: 1 bull(s) and 5 cow(s).
Turn 238:
> 623187
Grade: 2 bull(s) and 4 cow(s).
Turn 239:
> 263187
Grade: 1 bull(s) and 5 cow(s).
Turn 240:
> 362187
Grade: 1 bull(s) and 5 cow(s).
Turn 241:
> 632187
Grade: 1 bull(s) and 5 cow(s).
Turn 242:
> 236187
Grade: 1 bull(s) and 5 cow(s).
Turn 243:
> 326187
Grade: 2 bull(s) and 4 cow(s).
Turn 244:
> 321687
Grade: 3 bull(s) and 3 cow(s).
Turn 245:
> 231687
Grade: 2 bull(s) and 4 cow(s).
Turn 246:
> 132687
Grade: 3 bull(s) and 3 cow(s).
Turn 247:
> 312687
Grade: 2 bull(s) and 4 cow(s).
Turn 248:
> 213687
Grade: 2 bull(s) and 4 cow(s).
Turn 249:
> 123687
Grade: 4 bull(s) and 2 cow(s).
Turn 250:
> 173682
Grade: 3 bull(s) and 3 cow(s).
Turn 251:
> 713682
Grade: 2 bull(s) and 4 cow(s).
Turn 252:
> 317682
Grade: 3 bull(s) and 3 cow(s).
Turn 253:
> 137682
Grade: 4 bull(s) and 2 cow(s).
Turn 254:
> 731682
Grade: 2 bull(s) and 4 cow(s).
Turn 255:
> 371682
Grade: 2 bull(s) and 4 cow(s).
Turn 256:
> 671382
Grade: 1 bull(s) and 5 cow(s).
Turn 257:
> 761382
Grade: 1 bull(s) and 5 cow(s).
Turn 258:
> 167382
Grade: 3 bull(s) and 3 cow(s).
Turn 259:
> 617382
Grade: 2 bull(s) and 4 cow(s).
Turn 260:
> 716382
Grade: 1 bull(s) and 5 cow(s).
Turn 261:
> 176382
Grade: 2 bull(s) and 4 cow(s).
Turn 262:
> 136782
Grade: 2 bull(s) and 4 cow(s).
Turn 263:
> 316782
Grade: 1 bull(s) and 5 cow(s).
Turn 264:
> 613782
Grade: 1 bull(s) and 5 cow(s).
Turn 265:
> 163782
Grade: 2 bull(s) and 4 cow(s).
Turn 266:
> 361782
Grade: 1 bull(s) and 5 cow(s).
Turn 267:
> 631782
Grade: 1 bull(s) and 5 cow(s).
Turn 268:
> 637182
Grade: 2 bull(s) and 4 cow(s).
Turn 269:
> 367182
Grade: 2 bull(s) and 4 cow(s).
Turn 270:
> 763182
Grade: 1 bull(s) and 5 cow(s).
Turn 271:
> 673182
Grade: 1 bull(s) and 5 cow(s).
Turn 272:
> 376182
Grade: 1 bull(s) and 5 cow(s).
Turn 273:
> 736182
Grade: 1 bull(s) and 5 cow(s).
Turn 274:
> 836172
Grade: 6 cow(s).
Turn 275:
> 386172
Grade: 6 cow(s).
Turn 276:
> 683172
Grade: 6 cow(s).
Turn 277:
> 863172
Grade: 6 cow(s).
Turn 278:
> 368172
Grade: 6 cow(s).
Turn 279:
> 638172
Grade: 6 cow(s).
Turn 280:
> 138672
Grade: 2 bull(s) and 4 cow(s).
Turn 281:
> 318672
Grade: 1 bull(s) and 5 cow(s).
Turn 282:
> 813672
Grade: 1 bull(s) and 5 cow(s).
Turn 283:
> 183672
Grade: 2 bull(s) and 4 cow(s).
Turn 284:
> 381672
Grade: 1 bull(s) and 5 cow(s).
Turn 285:
> 831672
Grade: 1 bull(s) and 5 cow(s).
Turn 286:
> 861372
Grade: 6 cow(s).
Turn 287:
> 681372
Grade: 6 cow(s).
Turn 288:
> 186372
Grade: 1 bull(s) and 5 cow(s).
Turn 289:
> 816372
Grade: 6 cow(s).
Turn 290:
> 618372
Grade: 6 cow(s).
Turn 291:
> 168372
Grade: 1 bull(s) and 5 cow(s).
Turn 292:
> 163872
Grade: 1 bull(s) and 5 cow(s).
Turn 293:
> 613872
Grade: 6 cow(s).
Turn 294:
> 316872
Grade: 6 cow(s).
Turn 295:
> 136872
Grade: 1 bull(s) and 5 cow(s).
Turn 296:
> 631872
Grade: 6 cow(s).
Turn 297:
> 361872
Grade: 6 cow(s).
Turn 298:
> 761832
Grade: 6 cow(s).
Turn 299:
> 671832
Grade: 6 cow(s).
Turn 300:
> 176832
Grade: 1 bull(s) and 5 cow(s).
Turn 301:
> 716832
Grade: 6 cow(s).
Turn 302:
> 617832
Grade: 1 bull(s) and 5 cow(s).
Turn 303:
> 167832
Grade: 2 bull(s) and 4 cow(s).
Turn 304:
> 867132
Grade: 1 bull(s) and 5 cow(s).
Turn 305:
> 687132
Grade: 1 bull(s) and 5 cow(s).
Turn 306:
> 786132
Grade: 6 cow(s).
Turn 307:
> 876132
Grade: 6 cow(s).
Turn 308:
> 678132
Grade: 6 cow(s).
Turn 309:
> 768132
Grade: 6 cow(s).
Turn 310:
> 718632
Grade: 1 bull(s) and 5 cow(s).
Turn 311:
> 178632
Grade: 2 bull(s) and 4 cow(s).
Turn 312:
> 871632
Grade: 1 bull(s) and 5 cow(s).
Turn 313:
> 781632
Grade: 1 bull(s) and 5 cow(s).
Turn 314:
> 187632
Grade: 3 bull(s) and 3 cow(s).
Turn 315:
> 817632
Grade: 2 bull(s) and 4 cow(s).
Turn 316:
> 816732
Grade: 6 cow(s).
Turn 317:
> 186732
Grade: 1 bull(s) and 5 cow(s).
Turn 318:
> 681732
Grade: 6 cow(s).
Turn 319:
> 861732
Grade: 6 cow(s).
Turn 320:
> 168732
Grade: 1 bull(s) and 5 cow(s).
Turn 321:
> 618732
Grade: 6 cow(s).
Turn 322:
> 318762
Grade: 6 cow(s).
Turn 323:
> 138762
Grade: 1 bull(s) and 5 cow(s).
Turn 324:
> 831762
Grade: 6 cow(s).
Turn 325:
> 381762
Grade: 6 cow(s).
Turn 326:
> 183762
Grade: 1 bull(s) and 5 cow(s).
Turn 327:
> 813762
Grade: 6 cow(s).
Turn 328:
> 713862
Grade: 6 cow(s).
Turn 329:
> 173862
Grade: 1 bull(s) and 5 cow(s).
Turn 330:
> 371862
Grade: 6 cow(s).
Turn 331:
> 731862
Grade: 6 cow(s).
Turn 332:
> 137862
Grade: 2 bull(s) and 4 cow(s).
Turn 333:
> 317862
Grade: 1 bull(s) and 5 cow(s).
Turn 334:
> 387162
Grade: 1 bull(s) and 5 cow(s).
Turn 335:
> 837162
Grade: 1 bull(s) and 5 cow(s).
Turn 336:
> 738162
Grade: 6 cow(s).
Turn 337:
> 378162
Grade: 6 cow(s).
Turn 338:
> 873162
Grade: 6 cow(s).
Turn 339:
> 783162
Grade: 6 cow(s).
Turn 340:
> 781362
Grade: 6 cow(s).
Turn 341:
> 871362
Grade: 6 cow(s).
Turn 342:
> 178362
Grade: 1 bull(s) and 5 cow(s).
Turn 343:
> 718362
Grade: 6 cow(s).
Turn 344:
> 817362
Grade: 1 bull(s) and 5 cow(s).
Turn 345:
> 187362
Grade: 2 bull(s) and 4 cow(s).
Turn 346:
> 687312
Grade: 1 bull(s) and 5 cow(s).
Turn 347:
> 867312
Grade: 1 bull(s) and 5 cow(s).
Turn 348:
> 768312
Grade: 6 cow(s).
Turn 349:
> 678312
Grade: 6 cow(s).
Turn 350:
> 876312
Grade: 6 cow(s).
Turn 351:
> 786312
Grade: 6 cow(s).
Turn 352:
> 386712
Grade: 6 cow(s).
Turn 353:
> 836712
Grade: 6 cow(s).
Turn 354:
> 638712
Grade: 6 cow(s).
Turn 355:
> 368712
Grade: 6 cow(s).
Turn 356:
> 863712
Grade: 6 cow(s).
Turn 357:
> 683712
Grade: 6 cow(s).
Turn 358:
> 673812
Grade: 6 cow(s).
Turn 359:
> 763812
Grade: 6 cow(s).
Turn 360:
> 367812
Grade: 1 bull(s) and 5 cow(s).
Turn 361:
> 637812
Grade: 1 bull(s) and 5 cow(s).
Turn 362:
> 736812
Grade: 6 cow(s).
Turn 363:
> 376812
Grade: 6 cow(s).
Turn 364:
> 378612
Grade: 1 bull(s) and 5 cow(s).
Turn 365:
> 738612
Grade: 1 bull(s) and 5 cow(s).
Turn 366:
> 837612
Grade: 2 bull(s) and 4 cow(s).
Turn 367:
> 387612
Grade: 2 bull(s) and 4 cow(s).
Turn 368:
> 783612
Grade: 1 bull(s) and 5 cow(s).
Turn 369:
> 873612
Grade: 1 bull(s) and 5 cow(s).
Turn 370:
> 872613
Grade: 2 bull(s) and 4 cow(s).
Turn 371:
> 782613
Grade: 2 bull(s) and 4 cow(s).
Turn 372:
> 287613
Grade: 3 bull(s) and 3 cow(s).
Turn 373:
> 827613
Grade: 4 bull(s) and 2 cow(s).
Turn 374:
> 728613
Grade: 3 bull(s) and 3 cow(s).
Turn 375:
> 278613
Grade: 2 bull(s) and 4 cow(s).
Turn 376:
> 678213
Grade: 1 bull(s) and 5 cow(s).
Turn 377:
> 768213
Grade: 1 bull(s) and 5 cow(s).
Turn 378:
> 867213
Grade: 2 bull(s) and 4 cow(s).
Turn 379:
> 687213
Grade: 2 bull(s) and 4 cow(s).
Turn 380:
> 786213
Grade: 1 bull(s) and 5 cow(s).
Turn 381:
> 876213
Grade: 1 bull(s) and 5 cow(s).
Turn 382:
> 826713
Grade: 2 bull(s) and 4 cow(s).
Turn 383:
> 286713
Grade: 1 bull(s) and 5 cow(s).
Turn 384:
> 682713
Grade: 1 bull(s) and 5 cow(s).
Turn 385:
> 862713
Grade: 1 bull(s) and 5 cow(s).
Turn 386:
> 268713
Grade: 1 bull(s) and 5 cow(s).
Turn 387:
> 628713
Grade: 2 bull(s) and 4 cow(s).
Turn 388:
> 627813
Grade: 3 bull(s) and 3 cow(s).
Turn 389:
> 267813
Grade: 2 bull(s) and 4 cow(s).
Turn 390:
> 762813
Grade: 1 bull(s) and 5 cow(s).
Turn 391:
> 672813
Grade: 1 bull(s) and 5 cow(s).
Turn 392:
> 276813
Grade: 1 bull(s) and 5 cow(s).
Turn 393:
> 726813
Grade: 2 bull(s) and 4 cow(s).
Turn 394:
> 126873
Grade: 3 bull(s) and 3 cow(s).
Turn 395:
> 216873
Grade: 1 bull(s) and 5 cow(s).
Turn 396:
> 612873
Grade: 1 bull(s) and 5 cow(s).
Turn 397:
> 162873
Grade: 2 bull(s) and 4 cow(s).
Turn 398:
> 261873
Grade: 1 bull(s) and 5 cow(s).
Turn 399:
> 621873
Grade: 2 bull(s) and 4 cow(s).
Turn 400:
> 821673
Grade: 3 bull(s) and 3 cow(s).
Turn 401:
> 281673
Grade: 2 bull(s) and 4 cow(s).
Turn 402:
> 182673
Grade: 3 bull(s) and 3 cow(s).
Turn 403:
> 812673
Grade: 2 bull(s) and 4 cow(s).
Turn 404:
> 218673
Grade: 2 bull(s) and 4 cow(s).
Turn 405:
> 128673
Grade: 4 bull(s) and 2 cow(s).
Turn 406:
> 168273
Grade: 2 bull(s) and 4 cow(s).
Turn 407:
> 618273
Grade: 1 bull(s) and 5 cow(s).
Turn 408:
> 816273
Grade: 1 bull(s) and 5 cow(s).
Turn 409:
> 186273
Grade: 2 bull(s) and 4 cow(s).
Turn 410:
> 681273
Grade: 1 bull(s) and 5 cow(s).
Turn 411:
> 861273
Grade: 1 bull(s) and 5 cow(s).
Turn 412:
> 862173
Grade: 1 bull(s) and 5 cow(s).
Turn 413:
> 682173
Grade: 1 bull(s) and 5 cow(s).
Turn 414:
> 286173
Grade: 1 bull(s) and 5 cow(s).
Turn 415:
> 826173
Grade: 2 bull(s) and 4 cow(s).
Turn 416:
> 628173
Grade: 2 bull(s) and 4 cow(s).
Turn 417:
> 268173
Grade: 1 bull(s) and 5 cow(s).
Turn 418:
> 768123
Grade: 1 bull(s) and 5 cow(s).
Turn 419:
> 678123
Grade: 1 bull(s) and 5 cow(s).
Turn 420:
> 876123
Grade: 1 bull(s) and 5 cow(s).
Turn 421:
> 786123
Grade: 1 bull(s) and 5 cow(s).
Turn 422:
> 687123
Grade: 2 bull(s) and 4 cow(s).
Turn 423:
> 867123
Grade: 2 bull(s) and 4 cow(s).
Turn 424:
> 167823
Grade: 3 bull(s) and 3 cow(s).
Turn 425:
> 617823
Grade: 2 bull(s) and 4 cow(s).
Turn 426:
> 716823
Grade: 1 bull(s) and 5 cow(s).
Turn 427:
> 176823
Grade: 2 bull(s) and 4 cow(s).
Turn 428:
> 671823
Grade: 1 bull(s) and 5 cow(s).
Turn 429:
> 761823
Grade: 1 bull(s) and 5 cow(s).
Turn 430:
> 781623
Grade: 2 bull(s) and 4 cow(s).
Turn 431:
> 871623
Grade: 2 bull(s) and 4 cow(s).
Turn 432:
> 178623
Grade: 3 bull(s) and 3 cow(s).
Turn 433:
> 718623
Grade: 2 bull(s) and 4 cow(s).
Turn 434:
> 817623
Grade: 3 bull(s) and 3 cow(s).
Turn 435:
> 187623
Grade: 4 bull(s) and 2 cow(s).
Turn 436:
> 186723
Grade: 2 bull(s) and 4 cow(s).
Turn 437:
> 816723
Grade: 1 bull(s) and 5 cow(s).
Turn 438:
> 618723
Grade: 1 bull(s) and 5 cow(s).
Turn 439:
> 168723
Grade: 2 bull(s) and 4 cow(s).
Turn 440:
> 861723
Grade: 1 bull(s) and 5 cow(s).
Turn 441:
> 681723
Grade: 1 bull(s) and 5 cow(s).
Turn 442:
> 281763
Grade: 1 bull(s) and 5 cow(s).
Turn 443:
> 821763
Grade: 2 bull(s) and 4 cow(s).
Turn 444:
> 128763
Grade: 3 bull(s) and 3 cow(s).
Turn 445:
> 218763
Grade: 1 bull(s) and 5 cow(s).
Turn 446:
> 812763
Grade: 1 bull(s) and 5 cow(s).
Turn 447:
> 182763
Grade: 2 bull(s) and 4 cow(s).
Turn 448:
> 782163
Grade: 1 bull(s) and 5 cow(s).
Turn 449:
> 872163
Grade: 1 bull(s) and 5 cow(s).
Turn 450:
> 278163
Grade: 1 bull(s) and 5 cow(s).
Turn 451:
> 728163
Grade: 2 bull(s) and 4 cow(s).
Turn 452:
> 827163
Grade: 3 bull(s) and 3 cow(s).
Turn 453:
> 287163
Grade: 2 bull(s) and 4 cow(s).
Turn 454:
> 217863
Grade: 2 bull(s) and 4 cow(s).
Turn 455:
> 127863
Grade: 4 bull(s) and 2 cow(s).
Turn 456:
> 721863
Grade: 2 bull(s) and 4 cow(s).
Turn 457:
> 271863
Grade: 1 bull(s) and 5 cow(s).
Turn 458:
> 172863
Grade: 2 bull(s) and 4 cow(s).
Turn 459:
> 712863
Grade: 1 bull(s) and 5 cow(s).
Turn 460:
> 718263
Grade: 1 bull(s) and 5 cow(s).
Turn 461:
> 178263
Grade: 2 bull(s) and 4 cow(s).
Turn 462:
> 871263
Grade: 1 bull(s) and 5 cow(s).
Turn 463:
> 781263
Grade: 1 bull(s) and 5 cow(s).
Turn 464:
> 187263
Grade: 3 bull(s) and 3 cow(s).
Turn 465:
> 817263
Grade: 2 bull(s) and 4 cow(s).
Turn 466:
> 617283
Grade: 3 bull(s) and 3 cow(s).
Turn 467:
> 167283
Grade: 4 bull(s) and 2 cow(s).
Turn 468:
> 761283
Grade: 2 bull(s) and 4 cow(s).
Turn 469:
> 671283
Grade: 2 bull(s) and 4 cow(s).
Turn 470:
> 176283
Grade: 3 bull(s) and 3 cow(s).
Turn 471:
> 716283
Grade: 2 bull(s) and 4 cow(s).
Turn 472:
> 216783
Grade: 2 bull(s) and 4 cow(s).
Turn 473:
> 126783
Grade: 4 bull(s) and 2 cow(s).
Turn 474:
> 621783
Grade: 3 bull(s) and 3 cow(s).
Turn 475:
> 261783
Grade: 2 bull(s) and 4 cow(s).
Turn 476:
> 162783
Grade: 3 bull(s) and 3 cow(s).
Turn 477:
> 612783
Grade: 2 bull(s) and 4 cow(s).
Turn 478:
> 672183
Grade: 2 bull(s) and 4 cow(s).
Turn 479:
> 762183
Grade: 2 bull(s) and 4 cow(s).
Turn 480:
> 267183
Grade: 3 bull(s) and 3 cow(s).
Turn 481:
> 627183
Grade: 4 bull(s) and 2 cow(s).
Turn 482:
> 726183
Grade: 3 bull(s) and 3 cow(s).
Turn 483:
> 276183
Grade: 2 bull(s) and 4 cow(s).
Turn 484:
> 271683
Grade: 3 bull(s) and 3 cow(s).
Turn 485:
> 721683
Grade: 4 bull(s) and 2 cow(s).
Turn 486:
> 127683
Grade: 6 bull(s).
Congratulations! You guessed the secret code.
?[1;31m
Start test 4?[0m
Please, enter the secret code's length:
> 11
Error - secret code, too long. Try again.
Please, enter the secret code's length:
]]></system-out>
  <system-err><![CDATA[]]></system-err>
</testsuite>
