<?xml version="1.0" encoding="UTF-8"?>
<testsuite name="BullsCowsTest" tests="1" skipped="0" failures="0" errors="0" timestamp="2022-12-03T15:44:49" hostname="DESKTOP-MUCVRS8" time="0.055">
  <properties/>
  <testcase name="start" classname="BullsCowsTest" time="0.055"/>
  <system-out><![CDATA[?[1;31m
Start test 1?[0m
The secret code is prepared: ****.
Turn 1. Answer:
1234
Grade: 1 cow.

Turn 1. Answer:
1234
Grade: 1 cow.

Congrats! The secret code is 9305.
]]></system-out>
  <system-err><![CDATA[]]></system-err>
</testsuite>
