<?xml version="1.0" encoding="UTF-8"?>
<testsuite name="BullsCowsTest" tests="1" skipped="0" failures="0" errors="0" timestamp="2022-12-05T14:05:38" hostname="DESKTOP-MUCVRS8" time="0.088">
  <properties/>
  <testcase name="start" classname="BullsCowsTest" time="0.088"/>
  <system-out><![CDATA[?[1;31m
Start test 1?[0m
> 4
1367
?[1;31m
Start test 2?[0m
> 1
1
?[1;31m
Start test 3?[0m
> 11
Error - secret code, too long.
?[1;31m
Start test 4?[0m
> 6
136702
?[1;31m
Start test 5?[0m
> 3
136
]]></system-out>
  <system-err><![CDATA[]]></system-err>
</testsuite>
