<?xml version="1.0" encoding="UTF-8"?>
<testsuite name="BullsCowsTest" tests="1" skipped="0" failures="0" errors="0" timestamp="2022-12-09T17:42:41" hostname="DESKTOP-MUCVRS8" time="0.57">
  <properties/>
  <testcase name="start" classname="BullsCowsTest" time="0.57"/>
  <system-out><![CDATA[?[1;31m
Start test 1?[0m
Please, enter the secret code's length:
> 1
Input the number of possible symbols in the code:
> 10
The secret is prepared: * (0-9, a-9).
Okay, let's start a game!
Turn 1:
> 0
Grade: None.
Turn 2:
> 1
Grade: None.
Turn 3:
> 2
Grade: None.
Turn 4:
> 3
Grade: None.
Turn 5:
> 4
Grade: None.
Turn 6:
> 5
Grade: None.
Turn 7:
> 6
Grade: None.
Turn 8:
> 7
Grade: None.
Turn 9:
> 8
Grade: 1 bull(s).
Congratulations! You guessed the secret code.
?[1;31m
Start test 2?[0m
Please, enter the secret code's length:
> 4
Input the number of possible symbols in the code:
> 10
The secret is prepared: **** (0-9, a-9).
Okay, let's start a game!
Turn 1:
> 0000
Grade: None.
Turn 2:
> 1111
Grade: 1 bull(s) and 3 cow(s).
Turn 3:
> 2222
Grade: 1 bull(s) and 3 cow(s).
Turn 4:
> 3333
Grade: None.
Turn 5:
> 4444
Grade: None.
Turn 6:
> 5555
Grade: None.
Turn 7:
> 6666
Grade: 1 bull(s) and 3 cow(s).
Turn 8:
> 7777
Grade: 1 bull(s) and 3 cow(s).
Turn 9:
> 1267
Grade: 4 cow(s).
Turn 10:
> 2167
Grade: 1 bull(s) and 3 cow(s).
Turn 11:
> 6127
Grade: 4 cow(s).
Turn 12:
> 1627
Grade: 4 cow(s).
Turn 13:
> 2617
Grade: 2 bull(s) and 2 cow(s).
Turn 14:
> 6217
Grade: 1 bull(s) and 3 cow(s).
Turn 15:
> 7216
Grade: 2 bull(s) and 2 cow(s).
Turn 16:
> 2716
Grade: 4 bull(s).
Congratulations! You guessed the secret code.
?[1;31m
Start test 3?[0m
Please, enter the secret code's length:
> 6
Input the number of possible symbols in the code:
> 10
The secret is prepared: ****** (0-9, a-9).
Okay, let's start a game!
Turn 1:
> 000000
Grade: None.
Turn 2:
> 111111
Grade: 1 bull(s) and 5 cow(s).
Turn 3:
> 222222
Grade: None.
Turn 4:
> 333333
Grade: 1 bull(s) and 5 cow(s).
Turn 5:
> 444444
Grade: 1 bull(s) and 5 cow(s).
Turn 6:
> 555555
Grade: 1 bull(s) and 5 cow(s).
Turn 7:
> 666666
Grade: 1 bull(s) and 5 cow(s).
Turn 8:
> 777777
Grade: 1 bull(s) and 5 cow(s).
Turn 9:
> 134567
Grade: 1 bull(s) and 5 cow(s).
Turn 10:
> 314567
Grade: 6 cow(s).
Turn 11:
> 413567
Grade: 6 cow(s).
Turn 12:
> 143567
Grade: 6 cow(s).
Turn 13:
> 341567
Grade: 6 cow(s).
Turn 14:
> 431567
Grade: 1 bull(s) and 5 cow(s).
Turn 15:
> 531467
Grade: 2 bull(s) and 4 cow(s).
Turn 16:
> 351467
Grade: 1 bull(s) and 5 cow(s).
Turn 17:
> 153467
Grade: 1 bull(s) and 5 cow(s).
Turn 18:
> 513467
Grade: 1 bull(s) and 5 cow(s).
Turn 19:
> 315467
Grade: 1 bull(s) and 5 cow(s).
Turn 20:
> 135467
Grade: 2 bull(s) and 4 cow(s).
Turn 21:
> 145367
Grade: 6 cow(s).
Turn 22:
> 415367
Grade: 6 cow(s).
Turn 23:
> 514367
Grade: 6 cow(s).
Turn 24:
> 154367
Grade: 6 cow(s).
Turn 25:
> 451367
Grade: 6 cow(s).
Turn 26:
> 541367
Grade: 6 cow(s).
Turn 27:
> 543167
Grade: 6 cow(s).
Turn 28:
> 453167
Grade: 6 cow(s).
Turn 29:
> 354167
Grade: 6 cow(s).
Turn 30:
> 534167
Grade: 1 bull(s) and 5 cow(s).
Turn 31:
> 435167
Grade: 1 bull(s) and 5 cow(s).
Turn 32:
> 345167
Grade: 6 cow(s).
Turn 33:
> 645137
Grade: 1 bull(s) and 5 cow(s).
Turn 34:
> 465137
Grade: 6 cow(s).
Turn 35:
> 564137
Grade: 6 cow(s).
Turn 36:
> 654137
Grade: 1 bull(s) and 5 cow(s).
Turn 37:
> 456137
Grade: 6 cow(s).
Turn 38:
> 546137
Grade: 6 cow(s).
Turn 39:
> 146537
Grade: 6 cow(s).
Turn 40:
> 416537
Grade: 6 cow(s).
Turn 41:
> 614537
Grade: 1 bull(s) and 5 cow(s).
Turn 42:
> 164537
Grade: 6 cow(s).
Turn 43:
> 461537
Grade: 6 cow(s).
Turn 44:
> 641537
Grade: 1 bull(s) and 5 cow(s).
Turn 45:
> 651437
Grade: 2 bull(s) and 4 cow(s).
Turn 46:
> 561437
Grade: 1 bull(s) and 5 cow(s).
Turn 47:
> 165437
Grade: 1 bull(s) and 5 cow(s).
Turn 48:
> 615437
Grade: 2 bull(s) and 4 cow(s).
Turn 49:
> 516437
Grade: 1 bull(s) and 5 cow(s).
Turn 50:
> 156437
Grade: 1 bull(s) and 5 cow(s).
Turn 51:
> 154637
Grade: 6 cow(s).
Turn 52:
> 514637
Grade: 6 cow(s).
Turn 53:
> 415637
Grade: 6 cow(s).
Turn 54:
> 145637
Grade: 6 cow(s).
Turn 55:
> 541637
Grade: 6 cow(s).
Turn 56:
> 451637
Grade: 6 cow(s).
Turn 57:
> 351647
Grade: 6 cow(s).
Turn 58:
> 531647
Grade: 1 bull(s) and 5 cow(s).
Turn 59:
> 135647
Grade: 1 bull(s) and 5 cow(s).
Turn 60:
> 315647
Grade: 6 cow(s).
Turn 61:
> 513647
Grade: 6 cow(s).
Turn 62:
> 153647
Grade: 6 cow(s).
Turn 63:
> 653147
Grade: 1 bull(s) and 5 cow(s).
Turn 64:
> 563147
Grade: 6 cow(s).
Turn 65:
> 365147
Grade: 6 cow(s).
Turn 66:
> 635147
Grade: 2 bull(s) and 4 cow(s).
Turn 67:
> 536147
Grade: 1 bull(s) and 5 cow(s).
Turn 68:
> 356147
Grade: 6 cow(s).
Turn 69:
> 316547
Grade: 6 cow(s).
Turn 70:
> 136547
Grade: 1 bull(s) and 5 cow(s).
Turn 71:
> 631547
Grade: 2 bull(s) and 4 cow(s).
Turn 72:
> 361547
Grade: 6 cow(s).
Turn 73:
> 163547
Grade: 6 cow(s).
Turn 74:
> 613547
Grade: 1 bull(s) and 5 cow(s).
Turn 75:
> 615347
Grade: 1 bull(s) and 5 cow(s).
Turn 76:
> 165347
Grade: 6 cow(s).
Turn 77:
> 561347
Grade: 6 cow(s).
Turn 78:
> 651347
Grade: 1 bull(s) and 5 cow(s).
Turn 79:
> 156347
Grade: 6 cow(s).
Turn 80:
> 516347
Grade: 6 cow(s).
Turn 81:
> 416357
Grade: 1 bull(s) and 5 cow(s).
Turn 82:
> 146357
Grade: 1 bull(s) and 5 cow(s).
Turn 83:
> 641357
Grade: 2 bull(s) and 4 cow(s).
Turn 84:
> 461357
Grade: 1 bull(s) and 5 cow(s).
Turn 85:
> 164357
Grade: 1 bull(s) and 5 cow(s).
Turn 86:
> 614357
Grade: 2 bull(s) and 4 cow(s).
Turn 87:
> 314657
Grade: 1 bull(s) and 5 cow(s).
Turn 88:
> 134657
Grade: 2 bull(s) and 4 cow(s).
Turn 89:
> 431657
Grade: 2 bull(s) and 4 cow(s).
Turn 90:
> 341657
Grade: 1 bull(s) and 5 cow(s).
Turn 91:
> 143657
Grade: 1 bull(s) and 5 cow(s).
Turn 92:
> 413657
Grade: 1 bull(s) and 5 cow(s).
Turn 93:
> 463157
Grade: 1 bull(s) and 5 cow(s).
Turn 94:
> 643157
Grade: 2 bull(s) and 4 cow(s).
Turn 95:
> 346157
Grade: 1 bull(s) and 5 cow(s).
Turn 96:
> 436157
Grade: 2 bull(s) and 4 cow(s).
Turn 97:
> 634157
Grade: 3 bull(s) and 3 cow(s).
Turn 98:
> 364157
Grade: 1 bull(s) and 5 cow(s).
Turn 99:
> 361457
Grade: 2 bull(s) and 4 cow(s).
Turn 100:
> 631457
Grade: 4 bull(s) and 2 cow(s).
Turn 101:
> 136457
Grade: 3 bull(s) and 3 cow(s).
Turn 102:
> 316457
Grade: 2 bull(s) and 4 cow(s).
Turn 103:
> 613457
Grade: 3 bull(s) and 3 cow(s).
Turn 104:
> 163457
Grade: 2 bull(s) and 4 cow(s).
Turn 105:
> 563417
Grade: 1 bull(s) and 5 cow(s).
Turn 106:
> 653417
Grade: 2 bull(s) and 4 cow(s).
Turn 107:
> 356417
Grade: 1 bull(s) and 5 cow(s).
Turn 108:
> 536417
Grade: 2 bull(s) and 4 cow(s).
Turn 109:
> 635417
Grade: 3 bull(s) and 3 cow(s).
Turn 110:
> 365417
Grade: 1 bull(s) and 5 cow(s).
Turn 111:
> 465317
Grade: 6 cow(s).
Turn 112:
> 645317
Grade: 1 bull(s) and 5 cow(s).
Turn 113:
> 546317
Grade: 6 cow(s).
Turn 114:
> 456317
Grade: 6 cow(s).
Turn 115:
> 654317
Grade: 1 bull(s) and 5 cow(s).
Turn 116:
> 564317
Grade: 6 cow(s).
Turn 117:
> 534617
Grade: 1 bull(s) and 5 cow(s).
Turn 118:
> 354617
Grade: 6 cow(s).
Turn 119:
> 453617
Grade: 6 cow(s).
Turn 120:
> 543617
Grade: 6 cow(s).
Turn 121:
> 345617
Grade: 6 cow(s).
Turn 122:
> 435617
Grade: 1 bull(s) and 5 cow(s).
Turn 123:
> 436517
Grade: 1 bull(s) and 5 cow(s).
Turn 124:
> 346517
Grade: 6 cow(s).
Turn 125:
> 643517
Grade: 1 bull(s) and 5 cow(s).
Turn 126:
> 463517
Grade: 6 cow(s).
Turn 127:
> 364517
Grade: 6 cow(s).
Turn 128:
> 634517
Grade: 2 bull(s) and 4 cow(s).
Turn 129:
> 734516
Grade: 1 bull(s) and 5 cow(s).
Turn 130:
> 374516
Grade: 6 cow(s).
Turn 131:
> 473516
Grade: 6 cow(s).
Turn 132:
> 743516
Grade: 6 cow(s).
Turn 133:
> 347516
Grade: 1 bull(s) and 5 cow(s).
Turn 134:
> 437516
Grade: 2 bull(s) and 4 cow(s).
Turn 135:
> 537416
Grade: 3 bull(s) and 3 cow(s).
Turn 136:
> 357416
Grade: 2 bull(s) and 4 cow(s).
Turn 137:
> 753416
Grade: 1 bull(s) and 5 cow(s).
Turn 138:
> 573416
Grade: 1 bull(s) and 5 cow(s).
Turn 139:
> 375416
Grade: 1 bull(s) and 5 cow(s).
Turn 140:
> 735416
Grade: 2 bull(s) and 4 cow(s).
Turn 141:
> 745316
Grade: 6 cow(s).
Turn 142:
> 475316
Grade: 6 cow(s).
Turn 143:
> 574316
Grade: 6 cow(s).
Turn 144:
> 754316
Grade: 6 cow(s).
Turn 145:
> 457316
Grade: 1 bull(s) and 5 cow(s).
Turn 146:
> 547316
Grade: 1 bull(s) and 5 cow(s).
Turn 147:
> 543716
Grade: 6 cow(s).
Turn 148:
> 453716
Grade: 6 cow(s).
Turn 149:
> 354716
Grade: 6 cow(s).
Turn 150:
> 534716
Grade: 1 bull(s) and 5 cow(s).
Turn 151:
> 435716
Grade: 1 bull(s) and 5 cow(s).
Turn 152:
> 345716
Grade: 6 cow(s).
Turn 153:
> 145736
Grade: 6 cow(s).
Turn 154:
> 415736
Grade: 6 cow(s).
Turn 155:
> 514736
Grade: 6 cow(s).
Turn 156:
> 154736
Grade: 6 cow(s).
Turn 157:
> 451736
Grade: 6 cow(s).
Turn 158:
> 541736
Grade: 6 cow(s).
Turn 159:
> 741536
Grade: 6 cow(s).
Turn 160:
> 471536
Grade: 6 cow(s).
Turn 161:
> 174536
Grade: 6 cow(s).
Turn 162:
> 714536
Grade: 6 cow(s).
Turn 163:
> 417536
Grade: 1 bull(s) and 5 cow(s).
Turn 164:
> 147536
Grade: 1 bull(s) and 5 cow(s).
Turn 165:
> 157436
Grade: 2 bull(s) and 4 cow(s).
Turn 166:
> 517436
Grade: 2 bull(s) and 4 cow(s).
Turn 167:
> 715436
Grade: 1 bull(s) and 5 cow(s).
Turn 168:
> 175436
Grade: 1 bull(s) and 5 cow(s).
Turn 169:
> 571436
Grade: 1 bull(s) and 5 cow(s).
Turn 170:
> 751436
Grade: 1 bull(s) and 5 cow(s).
Turn 171:
> 754136
Grade: 6 cow(s).
Turn 172:
> 574136
Grade: 6 cow(s).
Turn 173:
> 475136
Grade: 6 cow(s).
Turn 174:
> 745136
Grade: 6 cow(s).
Turn 175:
> 547136
Grade: 1 bull(s) and 5 cow(s).
Turn 176:
> 457136
Grade: 1 bull(s) and 5 cow(s).
Turn 177:
> 357146
Grade: 1 bull(s) and 5 cow(s).
Turn 178:
> 537146
Grade: 2 bull(s) and 4 cow(s).
Turn 179:
> 735146
Grade: 1 bull(s) and 5 cow(s).
Turn 180:
> 375146
Grade: 6 cow(s).
Turn 181:
> 573146
Grade: 6 cow(s).
Turn 182:
> 753146
Grade: 6 cow(s).
Turn 183:
> 153746
Grade: 6 cow(s).
Turn 184:
> 513746
Grade: 6 cow(s).
Turn 185:
> 315746
Grade: 6 cow(s).
Turn 186:
> 135746
Grade: 1 bull(s) and 5 cow(s).
Turn 187:
> 531746
Grade: 1 bull(s) and 5 cow(s).
Turn 188:
> 351746
Grade: 6 cow(s).
Turn 189:
> 371546
Grade: 6 cow(s).
Turn 190:
> 731546
Grade: 1 bull(s) and 5 cow(s).
Turn 191:
> 137546
Grade: 2 bull(s) and 4 cow(s).
Turn 192:
> 317546
Grade: 1 bull(s) and 5 cow(s).
Turn 193:
> 713546
Grade: 6 cow(s).
Turn 194:
> 173546
Grade: 6 cow(s).
Turn 195:
> 175346
Grade: 6 cow(s).
Turn 196:
> 715346
Grade: 6 cow(s).
Turn 197:
> 517346
Grade: 1 bull(s) and 5 cow(s).
Turn 198:
> 157346
Grade: 1 bull(s) and 5 cow(s).
Turn 199:
> 751346
Grade: 6 cow(s).
Turn 200:
> 571346
Grade: 6 cow(s).
Turn 201:
> 471356
Grade: 1 bull(s) and 5 cow(s).
Turn 202:
> 741356
Grade: 1 bull(s) and 5 cow(s).
Turn 203:
> 147356
Grade: 2 bull(s) and 4 cow(s).
Turn 204:
> 417356
Grade: 2 bull(s) and 4 cow(s).
Turn 205:
> 714356
Grade: 1 bull(s) and 5 cow(s).
Turn 206:
> 174356
Grade: 1 bull(s) and 5 cow(s).
Turn 207:
> 374156
Grade: 1 bull(s) and 5 cow(s).
Turn 208:
> 734156
Grade: 2 bull(s) and 4 cow(s).
Turn 209:
> 437156
Grade: 3 bull(s) and 3 cow(s).
Turn 210:
> 347156
Grade: 2 bull(s) and 4 cow(s).
Turn 211:
> 743156
Grade: 1 bull(s) and 5 cow(s).
Turn 212:
> 473156
Grade: 1 bull(s) and 5 cow(s).
Turn 213:
> 413756
Grade: 1 bull(s) and 5 cow(s).
Turn 214:
> 143756
Grade: 1 bull(s) and 5 cow(s).
Turn 215:
> 341756
Grade: 1 bull(s) and 5 cow(s).
Turn 216:
> 431756
Grade: 2 bull(s) and 4 cow(s).
Turn 217:
> 134756
Grade: 2 bull(s) and 4 cow(s).
Turn 218:
> 314756
Grade: 1 bull(s) and 5 cow(s).
Turn 219:
> 317456
Grade: 3 bull(s) and 3 cow(s).
Turn 220:
> 137456
Grade: 4 bull(s) and 2 cow(s).
Turn 221:
> 731456
Grade: 3 bull(s) and 3 cow(s).
Turn 222:
> 371456
Grade: 2 bull(s) and 4 cow(s).
Turn 223:
> 173456
Grade: 2 bull(s) and 4 cow(s).
Turn 224:
> 713456
Grade: 2 bull(s) and 4 cow(s).
Turn 225:
> 513476
Grade: 1 bull(s) and 5 cow(s).
Turn 226:
> 153476
Grade: 1 bull(s) and 5 cow(s).
Turn 227:
> 351476
Grade: 1 bull(s) and 5 cow(s).
Turn 228:
> 531476
Grade: 2 bull(s) and 4 cow(s).
Turn 229:
> 135476
Grade: 2 bull(s) and 4 cow(s).
Turn 230:
> 315476
Grade: 1 bull(s) and 5 cow(s).
Turn 231:
> 415376
Grade: 6 cow(s).
Turn 232:
> 145376
Grade: 6 cow(s).
Turn 233:
> 541376
Grade: 6 cow(s).
Turn 234:
> 451376
Grade: 6 cow(s).
Turn 235:
> 154376
Grade: 6 cow(s).
Turn 236:
> 514376
Grade: 6 cow(s).
Turn 237:
> 534176
Grade: 1 bull(s) and 5 cow(s).
Turn 238:
> 354176
Grade: 6 cow(s).
Turn 239:
> 453176
Grade: 6 cow(s).
Turn 240:
> 543176
Grade: 6 cow(s).
Turn 241:
> 345176
Grade: 6 cow(s).
Turn 242:
> 435176
Grade: 1 bull(s) and 5 cow(s).
Turn 243:
> 431576
Grade: 1 bull(s) and 5 cow(s).
Turn 244:
> 341576
Grade: 6 cow(s).
Turn 245:
> 143576
Grade: 6 cow(s).
Turn 246:
> 413576
Grade: 6 cow(s).
Turn 247:
> 314576
Grade: 6 cow(s).
Turn 248:
> 134576
Grade: 1 bull(s) and 5 cow(s).
Turn 249:
> 164573
Grade: 6 cow(s).
Turn 250:
> 614573
Grade: 1 bull(s) and 5 cow(s).
Turn 251:
> 416573
Grade: 6 cow(s).
Turn 252:
> 146573
Grade: 6 cow(s).
Turn 253:
> 641573
Grade: 1 bull(s) and 5 cow(s).
Turn 254:
> 461573
Grade: 6 cow(s).
Turn 255:
> 561473
Grade: 1 bull(s) and 5 cow(s).
Turn 256:
> 651473
Grade: 2 bull(s) and 4 cow(s).
Turn 257:
> 156473
Grade: 1 bull(s) and 5 cow(s).
Turn 258:
> 516473
Grade: 1 bull(s) and 5 cow(s).
Turn 259:
> 615473
Grade: 2 bull(s) and 4 cow(s).
Turn 260:
> 165473
Grade: 1 bull(s) and 5 cow(s).
Turn 261:
> 145673
Grade: 6 cow(s).
Turn 262:
> 415673
Grade: 6 cow(s).
Turn 263:
> 514673
Grade: 6 cow(s).
Turn 264:
> 154673
Grade: 6 cow(s).
Turn 265:
> 451673
Grade: 6 cow(s).
Turn 266:
> 541673
Grade: 6 cow(s).
Turn 267:
> 546173
Grade: 6 cow(s).
Turn 268:
> 456173
Grade: 6 cow(s).
Turn 269:
> 654173
Grade: 1 bull(s) and 5 cow(s).
Turn 270:
> 564173
Grade: 6 cow(s).
Turn 271:
> 465173
Grade: 6 cow(s).
Turn 272:
> 645173
Grade: 1 bull(s) and 5 cow(s).
Turn 273:
> 745163
Grade: 6 cow(s).
Turn 274:
> 475163
Grade: 6 cow(s).
Turn 275:
> 574163
Grade: 6 cow(s).
Turn 276:
> 754163
Grade: 6 cow(s).
Turn 277:
> 457163
Grade: 1 bull(s) and 5 cow(s).
Turn 278:
> 547163
Grade: 1 bull(s) and 5 cow(s).
Turn 279:
> 147563
Grade: 1 bull(s) and 5 cow(s).
Turn 280:
> 417563
Grade: 1 bull(s) and 5 cow(s).
Turn 281:
> 714563
Grade: 6 cow(s).
Turn 282:
> 174563
Grade: 6 cow(s).
Turn 283:
> 471563
Grade: 6 cow(s).
Turn 284:
> 741563
Grade: 6 cow(s).
Turn 285:
> 751463
Grade: 1 bull(s) and 5 cow(s).
Turn 286:
> 571463
Grade: 1 bull(s) and 5 cow(s).
Turn 287:
> 175463
Grade: 1 bull(s) and 5 cow(s).
Turn 288:
> 715463
Grade: 1 bull(s) and 5 cow(s).
Turn 289:
> 517463
Grade: 2 bull(s) and 4 cow(s).
Turn 290:
> 157463
Grade: 2 bull(s) and 4 cow(s).
Turn 291:
> 154763
Grade: 6 cow(s).
Turn 292:
> 514763
Grade: 6 cow(s).
Turn 293:
> 415763
Grade: 6 cow(s).
Turn 294:
> 145763
Grade: 6 cow(s).
Turn 295:
> 541763
Grade: 6 cow(s).
Turn 296:
> 451763
Grade: 6 cow(s).
Turn 297:
> 651743
Grade: 1 bull(s) and 5 cow(s).
Turn 298:
> 561743
Grade: 6 cow(s).
Turn 299:
> 165743
Grade: 6 cow(s).
Turn 300:
> 615743
Grade: 1 bull(s) and 5 cow(s).
Turn 301:
> 516743
Grade: 6 cow(s).
Turn 302:
> 156743
Grade: 6 cow(s).
Turn 303:
> 756143
Grade: 6 cow(s).
Turn 304:
> 576143
Grade: 6 cow(s).
Turn 305:
> 675143
Grade: 1 bull(s) and 5 cow(s).
Turn 306:
> 765143
Grade: 6 cow(s).
Turn 307:
> 567143
Grade: 1 bull(s) and 5 cow(s).
Turn 308:
> 657143
Grade: 2 bull(s) and 4 cow(s).
Turn 309:
> 617543
Grade: 2 bull(s) and 4 cow(s).
Turn 310:
> 167543
Grade: 1 bull(s) and 5 cow(s).
Turn 311:
> 761543
Grade: 6 cow(s).
Turn 312:
> 671543
Grade: 1 bull(s) and 5 cow(s).
Turn 313:
> 176543
Grade: 6 cow(s).
Turn 314:
> 716543
Grade: 6 cow(s).
Turn 315:
> 715643
Grade: 6 cow(s).
Turn 316:
> 175643
Grade: 6 cow(s).
Turn 317:
> 571643
Grade: 6 cow(s).
Turn 318:
> 751643
Grade: 6 cow(s).
Turn 319:
> 157643
Grade: 1 bull(s) and 5 cow(s).
Turn 320:
> 517643
Grade: 1 bull(s) and 5 cow(s).
Turn 321:
> 417653
Grade: 2 bull(s) and 4 cow(s).
Turn 322:
> 147653
Grade: 2 bull(s) and 4 cow(s).
Turn 323:
> 741653
Grade: 1 bull(s) and 5 cow(s).
Turn 324:
> 471653
Grade: 1 bull(s) and 5 cow(s).
Turn 325:
> 174653
Grade: 1 bull(s) and 5 cow(s).
Turn 326:
> 714653
Grade: 1 bull(s) and 5 cow(s).
Turn 327:
> 614753
Grade: 2 bull(s) and 4 cow(s).
Turn 328:
> 164753
Grade: 1 bull(s) and 5 cow(s).
Turn 329:
> 461753
Grade: 1 bull(s) and 5 cow(s).
Turn 330:
> 641753
Grade: 2 bull(s) and 4 cow(s).
Turn 331:
> 146753
Grade: 1 bull(s) and 5 cow(s).
Turn 332:
> 416753
Grade: 1 bull(s) and 5 cow(s).
Turn 333:
> 476153
Grade: 1 bull(s) and 5 cow(s).
Turn 334:
> 746153
Grade: 1 bull(s) and 5 cow(s).
Turn 335:
> 647153
Grade: 3 bull(s) and 3 cow(s).
Turn 336:
> 467153
Grade: 2 bull(s) and 4 cow(s).
Turn 337:
> 764153
Grade: 1 bull(s) and 5 cow(s).
Turn 338:
> 674153
Grade: 2 bull(s) and 4 cow(s).
Turn 339:
> 671453
Grade: 3 bull(s) and 3 cow(s).
Turn 340:
> 761453
Grade: 2 bull(s) and 4 cow(s).
Turn 341:
> 167453
Grade: 3 bull(s) and 3 cow(s).
Turn 342:
> 617453
Grade: 4 bull(s) and 2 cow(s).
Turn 343:
> 716453
Grade: 2 bull(s) and 4 cow(s).
Turn 344:
> 176453
Grade: 2 bull(s) and 4 cow(s).
Turn 345:
> 576413
Grade: 1 bull(s) and 5 cow(s).
Turn 346:
> 756413
Grade: 1 bull(s) and 5 cow(s).
Turn 347:
> 657413
Grade: 3 bull(s) and 3 cow(s).
Turn 348:
> 567413
Grade: 2 bull(s) and 4 cow(s).
Turn 349:
> 765413
Grade: 1 bull(s) and 5 cow(s).
Turn 350:
> 675413
Grade: 2 bull(s) and 4 cow(s).
Turn 351:
> 475613
Grade: 6 cow(s).
Turn 352:
> 745613
Grade: 6 cow(s).
Turn 353:
> 547613
Grade: 1 bull(s) and 5 cow(s).
Turn 354:
> 457613
Grade: 1 bull(s) and 5 cow(s).
Turn 355:
> 754613
Grade: 6 cow(s).
Turn 356:
> 574613
Grade: 6 cow(s).
Turn 357:
> 564713
Grade: 6 cow(s).
Turn 358:
> 654713
Grade: 1 bull(s) and 5 cow(s).
Turn 359:
> 456713
Grade: 6 cow(s).
Turn 360:
> 546713
Grade: 6 cow(s).
Turn 361:
> 645713
Grade: 1 bull(s) and 5 cow(s).
Turn 362:
> 465713
Grade: 6 cow(s).
Turn 363:
> 467513
Grade: 1 bull(s) and 5 cow(s).
Turn 364:
> 647513
Grade: 2 bull(s) and 4 cow(s).
Turn 365:
> 746513
Grade: 6 cow(s).
Turn 366:
> 476513
Grade: 6 cow(s).
Turn 367:
> 674513
Grade: 1 bull(s) and 5 cow(s).
Turn 368:
> 764513
Grade: 6 cow(s).
Turn 369:
> 763514
Grade: 6 cow(s).
Turn 370:
> 673514
Grade: 1 bull(s) and 5 cow(s).
Turn 371:
> 376514
Grade: 6 cow(s).
Turn 372:
> 736514
Grade: 1 bull(s) and 5 cow(s).
Turn 373:
> 637514
Grade: 3 bull(s) and 3 cow(s).
Turn 374:
> 367514
Grade: 1 bull(s) and 5 cow(s).
Turn 375:
> 567314
Grade: 1 bull(s) and 5 cow(s).
Turn 376:
> 657314
Grade: 2 bull(s) and 4 cow(s).
Turn 377:
> 756314
Grade: 6 cow(s).
Turn 378:
> 576314
Grade: 6 cow(s).
Turn 379:
> 675314
Grade: 1 bull(s) and 5 cow(s).
Turn 380:
> 765314
Grade: 6 cow(s).
Turn 381:
> 735614
Grade: 1 bull(s) and 5 cow(s).
Turn 382:
> 375614
Grade: 6 cow(s).
Turn 383:
> 573614
Grade: 6 cow(s).
Turn 384:
> 753614
Grade: 6 cow(s).
Turn 385:
> 357614
Grade: 1 bull(s) and 5 cow(s).
Turn 386:
> 537614
Grade: 2 bull(s) and 4 cow(s).
Turn 387:
> 536714
Grade: 1 bull(s) and 5 cow(s).
Turn 388:
> 356714
Grade: 6 cow(s).
Turn 389:
> 653714
Grade: 1 bull(s) and 5 cow(s).
Turn 390:
> 563714
Grade: 6 cow(s).
Turn 391:
> 365714
Grade: 6 cow(s).
Turn 392:
> 635714
Grade: 2 bull(s) and 4 cow(s).
Turn 393:
> 135764
Grade: 1 bull(s) and 5 cow(s).
Turn 394:
> 315764
Grade: 6 cow(s).
Turn 395:
> 513764
Grade: 6 cow(s).
Turn 396:
> 153764
Grade: 6 cow(s).
Turn 397:
> 351764
Grade: 6 cow(s).
Turn 398:
> 531764
Grade: 1 bull(s) and 5 cow(s).
Turn 399:
> 731564
Grade: 1 bull(s) and 5 cow(s).
Turn 400:
> 371564
Grade: 6 cow(s).
Turn 401:
> 173564
Grade: 6 cow(s).
Turn 402:
> 713564
Grade: 6 cow(s).
Turn 403:
> 317564
Grade: 1 bull(s) and 5 cow(s).
Turn 404:
> 137564
Grade: 2 bull(s) and 4 cow(s).
Turn 405:
> 157364
Grade: 1 bull(s) and 5 cow(s).
Turn 406:
> 517364
Grade: 1 bull(s) and 5 cow(s).
Turn 407:
> 715364
Grade: 6 cow(s).
Turn 408:
> 175364
Grade: 6 cow(s).
Turn 409:
> 571364
Grade: 6 cow(s).
Turn 410:
> 751364
Grade: 6 cow(s).
Turn 411:
> 753164
Grade: 6 cow(s).
Turn 412:
> 573164
Grade: 6 cow(s).
Turn 413:
> 375164
Grade: 6 cow(s).
Turn 414:
> 735164
Grade: 1 bull(s) and 5 cow(s).
Turn 415:
> 537164
Grade: 2 bull(s) and 4 cow(s).
Turn 416:
> 357164
Grade: 1 bull(s) and 5 cow(s).
Turn 417:
> 657134
Grade: 2 bull(s) and 4 cow(s).
Turn 418:
> 567134
Grade: 1 bull(s) and 5 cow(s).
Turn 419:
> 765134
Grade: 6 cow(s).
Turn 420:
> 675134
Grade: 1 bull(s) and 5 cow(s).
Turn 421:
> 576134
Grade: 6 cow(s).
Turn 422:
> 756134
Grade: 6 cow(s).
Turn 423:
> 156734
Grade: 6 cow(s).
Turn 424:
> 516734
Grade: 6 cow(s).
Turn 425:
> 615734
Grade: 1 bull(s) and 5 cow(s).
Turn 426:
> 165734
Grade: 6 cow(s).
Turn 427:
> 561734
Grade: 6 cow(s).
Turn 428:
> 651734
Grade: 1 bull(s) and 5 cow(s).
Turn 429:
> 671534
Grade: 1 bull(s) and 5 cow(s).
Turn 430:
> 761534
Grade: 6 cow(s).
Turn 431:
> 167534
Grade: 1 bull(s) and 5 cow(s).
Turn 432:
> 617534
Grade: 2 bull(s) and 4 cow(s).
Turn 433:
> 716534
Grade: 6 cow(s).
Turn 434:
> 176534
Grade: 6 cow(s).
Turn 435:
> 175634
Grade: 6 cow(s).
Turn 436:
> 715634
Grade: 6 cow(s).
Turn 437:
> 517634
Grade: 1 bull(s) and 5 cow(s).
Turn 438:
> 157634
Grade: 1 bull(s) and 5 cow(s).
Turn 439:
> 751634
Grade: 6 cow(s).
Turn 440:
> 571634
Grade: 6 cow(s).
Turn 441:
> 371654
Grade: 1 bull(s) and 5 cow(s).
Turn 442:
> 731654
Grade: 2 bull(s) and 4 cow(s).
Turn 443:
> 137654
Grade: 3 bull(s) and 3 cow(s).
Turn 444:
> 317654
Grade: 2 bull(s) and 4 cow(s).
Turn 445:
> 713654
Grade: 1 bull(s) and 5 cow(s).
Turn 446:
> 173654
Grade: 1 bull(s) and 5 cow(s).
Turn 447:
> 673154
Grade: 2 bull(s) and 4 cow(s).
Turn 448:
> 763154
Grade: 1 bull(s) and 5 cow(s).
Turn 449:
> 367154
Grade: 2 bull(s) and 4 cow(s).
Turn 450:
> 637154
Grade: 4 bull(s) and 2 cow(s).
Turn 451:
> 736154
Grade: 2 bull(s) and 4 cow(s).
Turn 452:
> 376154
Grade: 1 bull(s) and 5 cow(s).
Turn 453:
> 316754
Grade: 1 bull(s) and 5 cow(s).
Turn 454:
> 136754
Grade: 2 bull(s) and 4 cow(s).
Turn 455:
> 631754
Grade: 3 bull(s) and 3 cow(s).
Turn 456:
> 361754
Grade: 1 bull(s) and 5 cow(s).
Turn 457:
> 163754
Grade: 1 bull(s) and 5 cow(s).
Turn 458:
> 613754
Grade: 2 bull(s) and 4 cow(s).
Turn 459:
> 617354
Grade: 3 bull(s) and 3 cow(s).
Turn 460:
> 167354
Grade: 2 bull(s) and 4 cow(s).
Turn 461:
> 761354
Grade: 1 bull(s) and 5 cow(s).
Turn 462:
> 671354
Grade: 2 bull(s) and 4 cow(s).
Turn 463:
> 176354
Grade: 1 bull(s) and 5 cow(s).
Turn 464:
> 716354
Grade: 1 bull(s) and 5 cow(s).
Turn 465:
> 516374
Grade: 6 cow(s).
Turn 466:
> 156374
Grade: 6 cow(s).
Turn 467:
> 651374
Grade: 1 bull(s) and 5 cow(s).
Turn 468:
> 561374
Grade: 6 cow(s).
Turn 469:
> 165374
Grade: 6 cow(s).
Turn 470:
> 615374
Grade: 1 bull(s) and 5 cow(s).
Turn 471:
> 315674
Grade: 6 cow(s).
Turn 472:
> 135674
Grade: 1 bull(s) and 5 cow(s).
Turn 473:
> 531674
Grade: 1 bull(s) and 5 cow(s).
Turn 474:
> 351674
Grade: 6 cow(s).
Turn 475:
> 153674
Grade: 6 cow(s).
Turn 476:
> 513674
Grade: 6 cow(s).
Turn 477:
> 563174
Grade: 6 cow(s).
Turn 478:
> 653174
Grade: 1 bull(s) and 5 cow(s).
Turn 479:
> 356174
Grade: 6 cow(s).
Turn 480:
> 536174
Grade: 1 bull(s) and 5 cow(s).
Turn 481:
> 635174
Grade: 2 bull(s) and 4 cow(s).
Turn 482:
> 365174
Grade: 6 cow(s).
Turn 483:
> 361574
Grade: 6 cow(s).
Turn 484:
> 631574
Grade: 2 bull(s) and 4 cow(s).
Turn 485:
> 136574
Grade: 1 bull(s) and 5 cow(s).
Turn 486:
> 316574
Grade: 6 cow(s).
Turn 487:
> 613574
Grade: 1 bull(s) and 5 cow(s).
Turn 488:
> 163574
Grade: 6 cow(s).
Turn 489:
> 163475
Grade: 1 bull(s) and 5 cow(s).
Turn 490:
> 613475
Grade: 2 bull(s) and 4 cow(s).
Turn 491:
> 316475
Grade: 1 bull(s) and 5 cow(s).
Turn 492:
> 136475
Grade: 2 bull(s) and 4 cow(s).
Turn 493:
> 631475
Grade: 3 bull(s) and 3 cow(s).
Turn 494:
> 361475
Grade: 1 bull(s) and 5 cow(s).
Turn 495:
> 461375
Grade: 6 cow(s).
Turn 496:
> 641375
Grade: 1 bull(s) and 5 cow(s).
Turn 497:
> 146375
Grade: 6 cow(s).
Turn 498:
> 416375
Grade: 6 cow(s).
Turn 499:
> 614375
Grade: 1 bull(s) and 5 cow(s).
Turn 500:
> 164375
Grade: 6 cow(s).
Turn 501:
> 134675
Grade: 1 bull(s) and 5 cow(s).
Turn 502:
> 314675
Grade: 6 cow(s).
Turn 503:
> 413675
Grade: 6 cow(s).
Turn 504:
> 143675
Grade: 6 cow(s).
Turn 505:
> 341675
Grade: 6 cow(s).
Turn 506:
> 431675
Grade: 1 bull(s) and 5 cow(s).
Turn 507:
> 436175
Grade: 1 bull(s) and 5 cow(s).
Turn 508:
> 346175
Grade: 6 cow(s).
Turn 509:
> 643175
Grade: 1 bull(s) and 5 cow(s).
Turn 510:
> 463175
Grade: 6 cow(s).
Turn 511:
> 364175
Grade: 6 cow(s).
Turn 512:
> 634175
Grade: 2 bull(s) and 4 cow(s).
Turn 513:
> 734165
Grade: 1 bull(s) and 5 cow(s).
Turn 514:
> 374165
Grade: 6 cow(s).
Turn 515:
> 473165
Grade: 6 cow(s).
Turn 516:
> 743165
Grade: 6 cow(s).
Turn 517:
> 347165
Grade: 1 bull(s) and 5 cow(s).
Turn 518:
> 437165
Grade: 2 bull(s) and 4 cow(s).
Turn 519:
> 137465
Grade: 3 bull(s) and 3 cow(s).
Turn 520:
> 317465
Grade: 2 bull(s) and 4 cow(s).
Turn 521:
> 713465
Grade: 1 bull(s) and 5 cow(s).
Turn 522:
> 173465
Grade: 1 bull(s) and 5 cow(s).
Turn 523:
> 371465
Grade: 1 bull(s) and 5 cow(s).
Turn 524:
> 731465
Grade: 2 bull(s) and 4 cow(s).
Turn 525:
> 741365
Grade: 6 cow(s).
Turn 526:
> 471365
Grade: 6 cow(s).
Turn 527:
> 174365
Grade: 6 cow(s).
Turn 528:
> 714365
Grade: 6 cow(s).
Turn 529:
> 417365
Grade: 1 bull(s) and 5 cow(s).
Turn 530:
> 147365
Grade: 1 bull(s) and 5 cow(s).
Turn 531:
> 143765
Grade: 6 cow(s).
Turn 532:
> 413765
Grade: 6 cow(s).
Turn 533:
> 314765
Grade: 6 cow(s).
Turn 534:
> 134765
Grade: 1 bull(s) and 5 cow(s).
Turn 535:
> 431765
Grade: 1 bull(s) and 5 cow(s).
Turn 536:
> 341765
Grade: 6 cow(s).
Turn 537:
> 641735
Grade: 1 bull(s) and 5 cow(s).
Turn 538:
> 461735
Grade: 6 cow(s).
Turn 539:
> 164735
Grade: 6 cow(s).
Turn 540:
> 614735
Grade: 1 bull(s) and 5 cow(s).
Turn 541:
> 416735
Grade: 6 cow(s).
Turn 542:
> 146735
Grade: 6 cow(s).
Turn 543:
> 746135
Grade: 6 cow(s).
Turn 544:
> 476135
Grade: 6 cow(s).
Turn 545:
> 674135
Grade: 1 bull(s) and 5 cow(s).
Turn 546:
> 764135
Grade: 6 cow(s).
Turn 547:
> 467135
Grade: 1 bull(s) and 5 cow(s).
Turn 548:
> 647135
Grade: 2 bull(s) and 4 cow(s).
Turn 549:
> 617435
Grade: 3 bull(s) and 3 cow(s).
Turn 550:
> 167435
Grade: 2 bull(s) and 4 cow(s).
Turn 551:
> 761435
Grade: 1 bull(s) and 5 cow(s).
Turn 552:
> 671435
Grade: 2 bull(s) and 4 cow(s).
Turn 553:
> 176435
Grade: 1 bull(s) and 5 cow(s).
Turn 554:
> 716435
Grade: 1 bull(s) and 5 cow(s).
Turn 555:
> 714635
Grade: 6 cow(s).
Turn 556:
> 174635
Grade: 6 cow(s).
Turn 557:
> 471635
Grade: 6 cow(s).
Turn 558:
> 741635
Grade: 6 cow(s).
Turn 559:
> 147635
Grade: 1 bull(s) and 5 cow(s).
Turn 560:
> 417635
Grade: 1 bull(s) and 5 cow(s).
Turn 561:
> 317645
Grade: 1 bull(s) and 5 cow(s).
Turn 562:
> 137645
Grade: 2 bull(s) and 4 cow(s).
Turn 563:
> 731645
Grade: 1 bull(s) and 5 cow(s).
Turn 564:
> 371645
Grade: 6 cow(s).
Turn 565:
> 173645
Grade: 6 cow(s).
Turn 566:
> 713645
Grade: 6 cow(s).
Turn 567:
> 613745
Grade: 1 bull(s) and 5 cow(s).
Turn 568:
> 163745
Grade: 6 cow(s).
Turn 569:
> 361745
Grade: 6 cow(s).
Turn 570:
> 631745
Grade: 2 bull(s) and 4 cow(s).
Turn 571:
> 136745
Grade: 1 bull(s) and 5 cow(s).
Turn 572:
> 316745
Grade: 6 cow(s).
Turn 573:
> 376145
Grade: 6 cow(s).
Turn 574:
> 736145
Grade: 1 bull(s) and 5 cow(s).
Turn 575:
> 637145
Grade: 3 bull(s) and 3 cow(s).
Turn 576:
> 367145
Grade: 1 bull(s) and 5 cow(s).
Turn 577:
> 763145
Grade: 6 cow(s).
Turn 578:
> 673145
Grade: 1 bull(s) and 5 cow(s).
Turn 579:
> 671345
Grade: 1 bull(s) and 5 cow(s).
Turn 580:
> 761345
Grade: 6 cow(s).
Turn 581:
> 167345
Grade: 1 bull(s) and 5 cow(s).
Turn 582:
> 617345
Grade: 2 bull(s) and 4 cow(s).
Turn 583:
> 716345
Grade: 6 cow(s).
Turn 584:
> 176345
Grade: 6 cow(s).
Turn 585:
> 476315
Grade: 6 cow(s).
Turn 586:
> 746315
Grade: 6 cow(s).
Turn 587:
> 647315
Grade: 2 bull(s) and 4 cow(s).
Turn 588:
> 467315
Grade: 1 bull(s) and 5 cow(s).
Turn 589:
> 764315
Grade: 6 cow(s).
Turn 590:
> 674315
Grade: 1 bull(s) and 5 cow(s).
Turn 591:
> 374615
Grade: 6 cow(s).
Turn 592:
> 734615
Grade: 1 bull(s) and 5 cow(s).
Turn 593:
> 437615
Grade: 2 bull(s) and 4 cow(s).
Turn 594:
> 347615
Grade: 1 bull(s) and 5 cow(s).
Turn 595:
> 743615
Grade: 6 cow(s).
Turn 596:
> 473615
Grade: 6 cow(s).
Turn 597:
> 463715
Grade: 6 cow(s).
Turn 598:
> 643715
Grade: 1 bull(s) and 5 cow(s).
Turn 599:
> 346715
Grade: 6 cow(s).
Turn 600:
> 436715
Grade: 1 bull(s) and 5 cow(s).
Turn 601:
> 634715
Grade: 2 bull(s) and 4 cow(s).
Turn 602:
> 364715
Grade: 6 cow(s).
Turn 603:
> 367415
Grade: 2 bull(s) and 4 cow(s).
Turn 604:
> 637415
Grade: 4 bull(s) and 2 cow(s).
Turn 605:
> 736415
Grade: 2 bull(s) and 4 cow(s).
Turn 606:
> 376415
Grade: 1 bull(s) and 5 cow(s).
Turn 607:
> 673415
Grade: 2 bull(s) and 4 cow(s).
Turn 608:
> 763415
Grade: 1 bull(s) and 5 cow(s).
Turn 609:
> 763451
Grade: 3 bull(s) and 3 cow(s).
Turn 610:
> 673451
Grade: 4 bull(s) and 2 cow(s).
Turn 611:
> 376451
Grade: 3 bull(s) and 3 cow(s).
Turn 612:
> 736451
Grade: 4 bull(s) and 2 cow(s).
Turn 613:
> 637451
Grade: 6 bull(s).
Congratulations! You guessed the secret code.
?[1;31m
Start test 4?[0m
Please, enter the secret code's length:
> 11
Input the number of possible symbols in the code:
> 10
Error: it's not possible to generate a code with a length of 11 with 10 unique symbols.
?[1;31m
Start test 5?[0m
Please, enter the secret code's length:
> 4
Input the number of possible symbols in the code:
> 16
The secret is prepared: **** (0-9, a-f).
Okay, let's start a game!
Turn 1:
> 0000
Grade: None.
Turn 2:
> 1111
Grade: None.
Turn 3:
> 2222
Grade: None.
Turn 4:
> 3333
Grade: 1 bull(s) and 3 cow(s).
Turn 5:
> 4444
Grade: 1 bull(s) and 3 cow(s).
Turn 6:
> 5555
Grade: None.
Turn 7:
> 6666
Grade: None.
Turn 8:
> 7777
Grade: 1 bull(s) and 3 cow(s).
Turn 9:
> 8888
Grade: None.
Turn 10:
> 9999
Grade: None.
Turn 11:
> aaaa
Grade: None.
Turn 12:
> bbbb
Grade: 1 bull(s) and 3 cow(s).
Turn 13:
> 347b
Grade: 1 bull(s) and 3 cow(s).
Turn 14:
> 437b
Grade: 4 cow(s).
Turn 15:
> 734b
Grade: 4 cow(s).
Turn 16:
> 374b
Grade: 4 cow(s).
Turn 17:
> 473b
Grade: 1 bull(s) and 3 cow(s).
Turn 18:
> 743b
Grade: 2 bull(s) and 2 cow(s).
Turn 19:
> b437
Grade: 4 bull(s).
Congratulations! You guessed the secret code.
?[1;31m
Start test 6?[0m
Please, enter the secret code's length:
> 6
Input the number of possible symbols in the code:
> 36
The secret is prepared: ****** (0-9, a-z).
Okay, let's start a game!
Turn 1:
> 000000
Grade: None.
Turn 2:
> 111111
Grade: None.
Turn 3:
> 222222
Grade: None.
Turn 4:
> 333333
Grade: None.
Turn 5:
> 444444
Grade: None.
Turn 6:
> 555555
Grade: None.
Turn 7:
> 666666
Grade: None.
Turn 8:
> 777777
Grade: None.
Turn 9:
> 888888
Grade: None.
Turn 10:
> 999999
Grade: 1 bull(s) and 5 cow(s).
Turn 11:
> aaaaaa
Grade: None.
Turn 12:
> bbbbbb
Grade: None.
Turn 13:
> cccccc
Grade: None.
Turn 14:
> dddddd
Grade: None.
Turn 15:
> eeeeee
Grade: None.
Turn 16:
> ffffff
Grade: None.
Turn 17:
> gggggg
Grade: None.
Turn 18:
> hhhhhh
Grade: 1 bull(s) and 5 cow(s).
Turn 19:
> iiiiii
Grade: None.
Turn 20:
> jjjjjj
Grade: None.
Turn 21:
> kkkkkk
Grade: None.
Turn 22:
> llllll
Grade: None.
Turn 23:
> mmmmmm
Grade: 1 bull(s) and 5 cow(s).
Turn 24:
> nnnnnn
Grade: None.
Turn 25:
> oooooo
Grade: None.
Turn 26:
> pppppp
Grade: 1 bull(s) and 5 cow(s).
Turn 27:
> qqqqqq
Grade: None.
Turn 28:
> rrrrrr
Grade: 1 bull(s) and 5 cow(s).
Turn 29:
> ssssss
Grade: None.
Turn 30:
> tttttt
Grade: None.
Turn 31:
> uuuuuu
Grade: None.
Turn 32:
> vvvvvv
Grade: None.
Turn 33:
> wwwwww
Grade: None.
Turn 34:
> xxxxxx
Grade: 1 bull(s) and 5 cow(s).
Turn 35:
> 9hmprx
Grade: 2 bull(s) and 4 cow(s).
Turn 36:
> h9mprx
Grade: 2 bull(s) and 4 cow(s).
Turn 37:
> m9hprx
Grade: 2 bull(s) and 4 cow(s).
Turn 38:
> 9mhprx
Grade: 3 bull(s) and 3 cow(s).
Turn 39:
> hm9prx
Grade: 4 bull(s) and 2 cow(s).
Turn 40:
> mh9prx
Grade: 3 bull(s) and 3 cow(s).
Turn 41:
> ph9mrx
Grade: 4 bull(s) and 2 cow(s).
Turn 42:
> hp9mrx
Grade: 3 bull(s) and 3 cow(s).
Turn 43:
> 9phmrx
Grade: 2 bull(s) and 4 cow(s).
Turn 44:
> p9hmrx
Grade: 3 bull(s) and 3 cow(s).
Turn 45:
> h9pmrx
Grade: 2 bull(s) and 4 cow(s).
Turn 46:
> 9hpmrx
Grade: 2 bull(s) and 4 cow(s).
Turn 47:
> 9mphrx
Grade: 4 bull(s) and 2 cow(s).
Turn 48:
> m9phrx
Grade: 3 bull(s) and 3 cow(s).
Turn 49:
> p9mhrx
Grade: 4 bull(s) and 2 cow(s).
Turn 50:
> 9pmhrx
Grade: 3 bull(s) and 3 cow(s).
Turn 51:
> mp9hrx
Grade: 4 bull(s) and 2 cow(s).
Turn 52:
> pm9hrx
Grade: 6 bull(s).
Congratulations! You guessed the secret code.
?[1;31m
Start test 7?[0m
Please, enter the secret code's length:
> 0
Input the number of possible symbols in the code:
> 1
Error: it's not possible to generate a code with a length of 0 with 1 unique symbols.
?[1;31m
Start test 8?[0m
Please, enter the secret code's length:
> 10
Input the number of possible symbols in the code:
> 9
Error: it's not possible to generate a code with a length of 10 with 9 unique symbols.
?[1;31m
Start test 9?[0m
Please, enter the secret code's length:
> 9
Input the number of possible symbols in the code:
> 37
Error: maximum number of possible symbols in the code is 36 (0-9, a-z).
?[1;31m
Start test 10?[0m
Please, enter the secret code's length:
> abcdefg 1 -6
Error: "abcdefg 1 -6" isn't a valid number.
]]></system-out>
  <system-err><![CDATA[]]></system-err>
</testsuite>
